#
# There is insufficient memory for the Java Runtime Environment to continue.
# Native memory allocation (malloc) failed to allocate 353376 bytes for Chunk::new
# Possible reasons:
#   The system is out of physical RAM or swap space
#   The process is running with CompressedOops enabled, and the Java Heap may be blocking the growth of the native heap
# Possible solutions:
#   Reduce memory load on the system
#   Increase physical memory or swap space
#   Check if swap backing store is full
#   Decrease Java heap size (-Xmx/-Xms)
#   Decrease number of Java threads
#   Decrease Java thread stack sizes (-Xss)
#   Set larger code cache with -XX:ReservedCodeCacheSize=
#   JVM is running with Unscaled Compressed Oops mode in which the Java heap is
#     placed in the first 4GB address space. The Java Heap base address is the
#     maximum limit for the native heap growth. Please use -XX:HeapBaseMinAddress
#     to set the Java Heap base and to place the Java Heap above 4GB virtual address.
# This output file may be truncated or incomplete.
#
#  Out of Memory Error (./open/src/hotspot/share/memory/arena.cpp:195), pid=12312, tid=10376
#
# JRE version: Java(TM) SE Runtime Environment (15.0.2+7) (build 15.0.2+7-27)
# Java VM: Java HotSpot(TM) 64-Bit Server VM (15.0.2+7-27, mixed mode, sharing, tiered, compressed oops, g1 gc, windows-amd64)
# No core dump will be written. Minidumps are not enabled by default on client versions of Windows
#

---------------  S U M M A R Y ------------

Command Line: -Dfile.encoding=Cp1252 -XX:+ShowCodeDetailsInExceptionMessages presentation.TRKGUI

Host: Intel(R) Celeron(R) N4000 CPU @ 1.10GHz, 2 cores, 3G,  Windows 10 , 64 bit Build 18362 (10.0.18362.1350)
Time: Sun Mar 21 10:26:09 2021 SA Pacific Standard Time elapsed time: 2.599260 seconds (0d 0h 0m 2s)

---------------  T H R E A D  ---------------

Current thread (0x000002617fc0d070):  JavaThread "C2 CompilerThread0" daemon [_thread_in_native, id=10376, stack(0x00000098ac300000,0x00000098ac400000)]


Current CompileTask:
C2:   2599 1198       4       sun.awt.image.PNGImageDecoder::filterRow (460 bytes)

Stack: [0x00000098ac300000,0x00000098ac400000]
Native frames: (J=compiled Java code, j=interpreted, Vv=VM code, C=native code)
V  [jvm.dll+0x62ae9a]
V  [jvm.dll+0x7817a9]
V  [jvm.dll+0x782f03]
V  [jvm.dll+0x783563]
V  [jvm.dll+0x216325]
V  [jvm.dll+0x97f3a]
V  [jvm.dll+0x9861c]
V  [jvm.dll+0x279f9f]
V  [jvm.dll+0x540794]
V  [gdi32full.dll+0x1f3124]
V  [jvm.dll+0x1ecaf1]
V  [jvm.dll+0x1e9867]
V  [jvm.dll+0x178567]
V  [jvm.dll+0x1f9225]
V  [jvm.dll+0x1f72cc]
V  [jvm.dll+0x74495d]
V  [jvm.dll+0x73d75a]
V  [jvm.dll+0x629c56]
C  [ucrtbase.dll+0x210b2]
C  [KERNEL32.DLL+0x17c24]
C  [ntdll.dll+0x6d721]


---------------  P R O C E S S  ---------------

Threads class SMR info:
_java_thread_list=0x000002611b2e3fd0, length=18, elements={
0x000002617fbe9390, 0x000002617fbf2660, 0x000002617fc05fd0, 0x000002617fc089a0,
0x000002617fc09360, 0x000002617fc0d070, 0x000002617fc851d0, 0x000002617fc87f90,
0x000002611a934ec0, 0x000002611a9428d0, 0x000002611abdbce0, 0x000002611abdc1b0,
0x000002611abe8980, 0x000002611abf4290, 0x000002617e67fcc0, 0x000002611ac04b90,
0x000002611b2cb4d0, 0x000002611b34bb90
}

Java Threads: ( => current thread )
  0x000002617fbe9390 JavaThread "Reference Handler" daemon [_thread_blocked, id=11820, stack(0x00000098abe00000,0x00000098abf00000)]
  0x000002617fbf2660 JavaThread "Finalizer" daemon [_thread_blocked, id=1476, stack(0x00000098abf00000,0x00000098ac000000)]
  0x000002617fc05fd0 JavaThread "Signal Dispatcher" daemon [_thread_blocked, id=12424, stack(0x00000098ac000000,0x00000098ac100000)]
  0x000002617fc089a0 JavaThread "Attach Listener" daemon [_thread_blocked, id=2248, stack(0x00000098ac100000,0x00000098ac200000)]
  0x000002617fc09360 JavaThread "Service Thread" daemon [_thread_blocked, id=13568, stack(0x00000098ac200000,0x00000098ac300000)]
=>0x000002617fc0d070 JavaThread "C2 CompilerThread0" daemon [_thread_in_native, id=10376, stack(0x00000098ac300000,0x00000098ac400000)]
  0x000002617fc851d0 JavaThread "C1 CompilerThread0" daemon [_thread_blocked, id=3444, stack(0x00000098ac400000,0x00000098ac500000)]
  0x000002617fc87f90 JavaThread "Sweeper thread" daemon [_thread_blocked, id=16024, stack(0x00000098ac500000,0x00000098ac600000)]
  0x000002611a934ec0 JavaThread "Notification Thread" daemon [_thread_blocked, id=13556, stack(0x00000098ac600000,0x00000098ac700000)]
  0x000002611a9428d0 JavaThread "Common-Cleaner" daemon [_thread_blocked, id=5224, stack(0x00000098ac800000,0x00000098ac900000)]
  0x000002611abdbce0 JavaThread "Java2D Disposer" daemon [_thread_blocked, id=15448, stack(0x00000098ac900000,0x00000098aca00000)]
  0x000002611abdc1b0 JavaThread "AWT-Shutdown" [_thread_blocked, id=15728, stack(0x00000098aca00000,0x00000098acb00000)]
  0x000002611abe8980 JavaThread "AWT-Windows" daemon [_thread_in_native, id=7964, stack(0x00000098acb00000,0x00000098acc00000)]
  0x000002611abf4290 JavaThread "AWT-EventQueue-0" [_thread_blocked, id=13600, stack(0x00000098acc00000,0x00000098acd00000)]
  0x000002617e67fcc0 JavaThread "DestroyJavaVM" [_thread_blocked, id=9396, stack(0x00000098ab700000,0x00000098ab800000)]
  0x000002611ac04b90 JavaThread "mysql-cj-abandoned-connection-cleanup" daemon [_thread_blocked, id=9300, stack(0x00000098acd00000,0x00000098ace00000)]
  0x000002611b2cb4d0 JavaThread "Image Fetcher 0" daemon [_thread_blocked, id=15952, stack(0x00000098acf00000,0x00000098ad000000)]
  0x000002611b34bb90 JavaThread "Image Fetcher 1" daemon [_thread_in_Java, id=16128, stack(0x00000098ad000000,0x00000098ad100000)]

Other Threads:
  0x000002617fbe5450 VMThread "VM Thread" [stack: 0x00000098abd00000,0x00000098abe00000] [id=4760]
  0x000002611a93d400 WatcherThread [stack: 0x00000098ac700000,0x00000098ac800000] [id=7976]
  0x000002617e6ae320 GCTaskThread "GC Thread#0" [stack: 0x00000098ab800000,0x00000098ab900000] [id=12660]
  0x000002611ac1e380 GCTaskThread "GC Thread#1" [stack: 0x00000098ace00000,0x00000098acf00000] [id=9820]
  0x000002617e6b7f90 ConcurrentGCThread "G1 Main Marker" [stack: 0x00000098ab900000,0x00000098aba00000] [id=4816]
  0x000002617e6b9aa0 ConcurrentGCThread "G1 Conc#0" [stack: 0x00000098aba00000,0x00000098abb00000] [id=11928]
  0x000002617e6ee9c0 ConcurrentGCThread "G1 Refine#0" [stack: 0x00000098abb00000,0x00000098abc00000] [id=6744]
  0x000002617e6ef4d0 ConcurrentGCThread "G1 Young RemSet Sampling" [stack: 0x00000098abc00000,0x00000098abd00000] [id=4828]

Threads with active compile tasks:
C2 CompilerThread0     2668 1198       4       sun.awt.image.PNGImageDecoder::filterRow (460 bytes)

VM state: not at safepoint (normal execution)

VM Mutex/Monitor currently owned by a thread: None

Heap address: 0x00000000c2c00000, size: 980 MB, Compressed Oops mode: 32-bit
CDS archive(s) mapped at: [0x0000000800000000-0x0000000800b50000-0x0000000800b50000), size 11862016, SharedBaseAddress: 0x0000000800000000, ArchiveRelocationMode: 0.
Compressed class space mapped at: 0x0000000800b50000-0x0000000840b50000, size: 1073741824
Narrow klass base: 0x0000000800000000, Narrow klass shift: 3, Narrow klass range: 0x100000000

GC Precious Log:
 CPUs: 2 total, 2 available
 Memory: 3917M
 Large Page Support: Disabled
 NUMA Support: Disabled
 Compressed Oops: Enabled (32-bit)
 Heap Region Size: 1M
 Heap Min Capacity: 8M
 Heap Initial Capacity: 62M
 Heap Max Capacity: 980M
 Pre-touch: Disabled
 Parallel Workers: 2
 Concurrent Workers: 1
 Concurrent Refinement Workers: 2
 Periodic GC: Disabled

Heap:
 garbage-first heap   total 63488K, used 11515K [0x00000000c2c00000, 0x0000000100000000)
  region size 1024K, 8 young (8192K), 1 survivors (1024K)
 Metaspace       used 10921K, capacity 11150K, committed 11264K, reserved 1058816K
  class space    used 1191K, capacity 1260K, committed 1280K, reserved 1048576K

Heap Regions: E=young(eden), S=young(survivor), O=old, HS=humongous(starts), HC=humongous(continues), CS=collection set, F=free, OA=open archive, CA=closed archive, TAMS=top-at-mark-start (previous, next)
|   0|0x00000000c2c00000, 0x00000000c2d00000, 0x00000000c2d00000|100%| O|  |TAMS 0x00000000c2c00000, 0x00000000c2c00000| Untracked 
|   1|0x00000000c2d00000, 0x00000000c2e00000, 0x00000000c2e00000|100%| O|  |TAMS 0x00000000c2d00000, 0x00000000c2d00000| Untracked 
|   2|0x00000000c2e00000, 0x00000000c2e3ec00, 0x00000000c2f00000| 24%| O|  |TAMS 0x00000000c2e00000, 0x00000000c2e00000| Untracked 
|   3|0x00000000c2f00000, 0x00000000c3000000, 0x00000000c3000000|100%|HS|  |TAMS 0x00000000c2f00000, 0x00000000c2f00000| Complete 
|   4|0x00000000c3000000, 0x00000000c3100000, 0x00000000c3100000|100%|HC|  |TAMS 0x00000000c3000000, 0x00000000c3000000| Complete 
|   5|0x00000000c3100000, 0x00000000c3100000, 0x00000000c3200000|  0%| F|  |TAMS 0x00000000c3100000, 0x00000000c3100000| Untracked 
|   6|0x00000000c3200000, 0x00000000c3200000, 0x00000000c3300000|  0%| F|  |TAMS 0x00000000c3200000, 0x00000000c3200000| Untracked 
|   7|0x00000000c3300000, 0x00000000c3300000, 0x00000000c3400000|  0%| F|  |TAMS 0x00000000c3300000, 0x00000000c3300000| Untracked 
|   8|0x00000000c3400000, 0x00000000c3400000, 0x00000000c3500000|  0%| F|  |TAMS 0x00000000c3400000, 0x00000000c3400000| Untracked 
|   9|0x00000000c3500000, 0x00000000c3500000, 0x00000000c3600000|  0%| F|  |TAMS 0x00000000c3500000, 0x00000000c3500000| Untracked 
|  10|0x00000000c3600000, 0x00000000c3600000, 0x00000000c3700000|  0%| F|  |TAMS 0x00000000c3600000, 0x00000000c3600000| Untracked 
|  11|0x00000000c3700000, 0x00000000c3700000, 0x00000000c3800000|  0%| F|  |TAMS 0x00000000c3700000, 0x00000000c3700000| Untracked 
|  12|0x00000000c3800000, 0x00000000c3800000, 0x00000000c3900000|  0%| F|  |TAMS 0x00000000c3800000, 0x00000000c3800000| Untracked 
|  13|0x00000000c3900000, 0x00000000c3900000, 0x00000000c3a00000|  0%| F|  |TAMS 0x00000000c3900000, 0x00000000c3900000| Untracked 
|  14|0x00000000c3a00000, 0x00000000c3a00000, 0x00000000c3b00000|  0%| F|  |TAMS 0x00000000c3a00000, 0x00000000c3a00000| Untracked 
|  15|0x00000000c3b00000, 0x00000000c3b00000, 0x00000000c3c00000|  0%| F|  |TAMS 0x00000000c3b00000, 0x00000000c3b00000| Untracked 
|  16|0x00000000c3c00000, 0x00000000c3c00000, 0x00000000c3d00000|  0%| F|  |TAMS 0x00000000c3c00000, 0x00000000c3c00000| Untracked 
|  17|0x00000000c3d00000, 0x00000000c3d00000, 0x00000000c3e00000|  0%| F|  |TAMS 0x00000000c3d00000, 0x00000000c3d00000| Untracked 
|  18|0x00000000c3e00000, 0x00000000c3e00000, 0x00000000c3f00000|  0%| F|  |TAMS 0x00000000c3e00000, 0x00000000c3e00000| Untracked 
|  19|0x00000000c3f00000, 0x00000000c3f00000, 0x00000000c4000000|  0%| F|  |TAMS 0x00000000c3f00000, 0x00000000c3f00000| Untracked 
|  20|0x00000000c4000000, 0x00000000c4000000, 0x00000000c4100000|  0%| F|  |TAMS 0x00000000c4000000, 0x00000000c4000000| Untracked 
|  21|0x00000000c4100000, 0x00000000c4100000, 0x00000000c4200000|  0%| F|  |TAMS 0x00000000c4100000, 0x00000000c4100000| Untracked 
|  22|0x00000000c4200000, 0x00000000c4200000, 0x00000000c4300000|  0%| F|  |TAMS 0x00000000c4200000, 0x00000000c4200000| Untracked 
|  23|0x00000000c4300000, 0x00000000c4300000, 0x00000000c4400000|  0%| F|  |TAMS 0x00000000c4300000, 0x00000000c4300000| Untracked 
|  24|0x00000000c4400000, 0x00000000c4400000, 0x00000000c4500000|  0%| F|  |TAMS 0x00000000c4400000, 0x00000000c4400000| Untracked 
|  25|0x00000000c4500000, 0x00000000c4500000, 0x00000000c4600000|  0%| F|  |TAMS 0x00000000c4500000, 0x00000000c4500000| Untracked 
|  26|0x00000000c4600000, 0x00000000c4600000, 0x00000000c4700000|  0%| F|  |TAMS 0x00000000c4600000, 0x00000000c4600000| Untracked 
|  27|0x00000000c4700000, 0x00000000c4700000, 0x00000000c4800000|  0%| F|  |TAMS 0x00000000c4700000, 0x00000000c4700000| Untracked 
|  28|0x00000000c4800000, 0x00000000c4800000, 0x00000000c4900000|  0%| F|  |TAMS 0x00000000c4800000, 0x00000000c4800000| Untracked 
|  29|0x00000000c4900000, 0x00000000c4900000, 0x00000000c4a00000|  0%| F|  |TAMS 0x00000000c4900000, 0x00000000c4900000| Untracked 
|  30|0x00000000c4a00000, 0x00000000c4a00000, 0x00000000c4b00000|  0%| F|  |TAMS 0x00000000c4a00000, 0x00000000c4a00000| Untracked 
|  31|0x00000000c4b00000, 0x00000000c4b00000, 0x00000000c4c00000|  0%| F|  |TAMS 0x00000000c4b00000, 0x00000000c4b00000| Untracked 
|  32|0x00000000c4c00000, 0x00000000c4c00000, 0x00000000c4d00000|  0%| F|  |TAMS 0x00000000c4c00000, 0x00000000c4c00000| Untracked 
|  33|0x00000000c4d00000, 0x00000000c4d00000, 0x00000000c4e00000|  0%| F|  |TAMS 0x00000000c4d00000, 0x00000000c4d00000| Untracked 
|  34|0x00000000c4e00000, 0x00000000c4e00000, 0x00000000c4f00000|  0%| F|  |TAMS 0x00000000c4e00000, 0x00000000c4e00000| Untracked 
|  35|0x00000000c4f00000, 0x00000000c4f00000, 0x00000000c5000000|  0%| F|  |TAMS 0x00000000c4f00000, 0x00000000c4f00000| Untracked 
|  36|0x00000000c5000000, 0x00000000c5000000, 0x00000000c5100000|  0%| F|  |TAMS 0x00000000c5000000, 0x00000000c5000000| Untracked 
|  37|0x00000000c5100000, 0x00000000c5100000, 0x00000000c5200000|  0%| F|  |TAMS 0x00000000c5100000, 0x00000000c5100000| Untracked 
|  38|0x00000000c5200000, 0x00000000c5200000, 0x00000000c5300000|  0%| F|  |TAMS 0x00000000c5200000, 0x00000000c5200000| Untracked 
|  39|0x00000000c5300000, 0x00000000c5300000, 0x00000000c5400000|  0%| F|  |TAMS 0x00000000c5300000, 0x00000000c5300000| Untracked 
|  40|0x00000000c5400000, 0x00000000c5400000, 0x00000000c5500000|  0%| F|  |TAMS 0x00000000c5400000, 0x00000000c5400000| Untracked 
|  41|0x00000000c5500000, 0x00000000c5500000, 0x00000000c5600000|  0%| F|  |TAMS 0x00000000c5500000, 0x00000000c5500000| Untracked 
|  42|0x00000000c5600000, 0x00000000c5600000, 0x00000000c5700000|  0%| F|  |TAMS 0x00000000c5600000, 0x00000000c5600000| Untracked 
|  43|0x00000000c5700000, 0x00000000c5700000, 0x00000000c5800000|  0%| F|  |TAMS 0x00000000c5700000, 0x00000000c5700000| Untracked 
|  44|0x00000000c5800000, 0x00000000c5800000, 0x00000000c5900000|  0%| F|  |TAMS 0x00000000c5800000, 0x00000000c5800000| Untracked 
|  45|0x00000000c5900000, 0x00000000c5900000, 0x00000000c5a00000|  0%| F|  |TAMS 0x00000000c5900000, 0x00000000c5900000| Untracked 
|  46|0x00000000c5a00000, 0x00000000c5a00000, 0x00000000c5b00000|  0%| F|  |TAMS 0x00000000c5a00000, 0x00000000c5a00000| Untracked 
|  47|0x00000000c5b00000, 0x00000000c5b00000, 0x00000000c5c00000|  0%| F|  |TAMS 0x00000000c5b00000, 0x00000000c5b00000| Untracked 
|  48|0x00000000c5c00000, 0x00000000c5c00000, 0x00000000c5d00000|  0%| F|  |TAMS 0x00000000c5c00000, 0x00000000c5c00000| Untracked 
|  49|0x00000000c5d00000, 0x00000000c5d00000, 0x00000000c5e00000|  0%| F|  |TAMS 0x00000000c5d00000, 0x00000000c5d00000| Untracked 
|  50|0x00000000c5e00000, 0x00000000c5e00000, 0x00000000c5f00000|  0%| F|  |TAMS 0x00000000c5e00000, 0x00000000c5e00000| Untracked 
|  51|0x00000000c5f00000, 0x00000000c5f00000, 0x00000000c6000000|  0%| F|  |TAMS 0x00000000c5f00000, 0x00000000c5f00000| Untracked 
|  52|0x00000000c6000000, 0x00000000c6000000, 0x00000000c6100000|  0%| F|  |TAMS 0x00000000c6000000, 0x00000000c6000000| Untracked 
|  53|0x00000000c6100000, 0x00000000c6100000, 0x00000000c6200000|  0%| F|  |TAMS 0x00000000c6100000, 0x00000000c6100000| Untracked 
|  54|0x00000000c6200000, 0x00000000c62321e8, 0x00000000c6300000| 19%| E|  |TAMS 0x00000000c6200000, 0x00000000c6200000| Complete 
|  55|0x00000000c6300000, 0x00000000c6400000, 0x00000000c6400000|100%| E|CS|TAMS 0x00000000c6300000, 0x00000000c6300000| Complete 
|  56|0x00000000c6400000, 0x00000000c6500000, 0x00000000c6500000|100%| S|CS|TAMS 0x00000000c6400000, 0x00000000c6400000| Complete 
|  57|0x00000000c6500000, 0x00000000c6600000, 0x00000000c6600000|100%| E|CS|TAMS 0x00000000c6500000, 0x00000000c6500000| Complete 
|  58|0x00000000c6600000, 0x00000000c6700000, 0x00000000c6700000|100%| E|CS|TAMS 0x00000000c6600000, 0x00000000c6600000| Complete 
|  59|0x00000000c6700000, 0x00000000c6800000, 0x00000000c6800000|100%| E|CS|TAMS 0x00000000c6700000, 0x00000000c6700000| Complete 
|  60|0x00000000c6800000, 0x00000000c6900000, 0x00000000c6900000|100%| E|CS|TAMS 0x00000000c6800000, 0x00000000c6800000| Complete 
|  61|0x00000000c6900000, 0x00000000c6a00000, 0x00000000c6a00000|100%| E|CS|TAMS 0x00000000c6900000, 0x00000000c6900000| Complete 

Card table byte_map: [0x000002617e440000,0x000002617e630000] _byte_map_base: 0x000002617de2a000

Marking Bits (Prev, Next): (CMBitMap*) 0x000002617e6afab0, (CMBitMap*) 0x000002617e6afaf0
 Prev Bits: [0x000002617e940000, 0x000002617f890000)
 Next Bits: [0x0000026117160000, 0x00000261180b0000)

Polling page: 0x000002617c640000

Metaspace:

Usage:
  Non-class:      9.66 MB capacity,     9.50 MB ( 98%) used,   145.53 KB (  1%) free+waste,    14.00 KB ( <1%) overhead. 
      Class:      1.23 MB capacity,     1.16 MB ( 95%) used,    63.10 KB (  5%) free+waste,     5.81 KB ( <1%) overhead. 
       Both:     10.89 MB capacity,    10.67 MB ( 98%) used,   208.63 KB (  2%) free+waste,    19.81 KB ( <1%) overhead. 

Virtual space:
  Non-class space:       10.00 MB reserved,       9.75 MB ( 98%) committed 
      Class space:        1.00 GB reserved,       1.25 MB ( <1%) committed 
             Both:        1.01 GB reserved,      11.00 MB (  1%) committed 

Chunk freelists:
   Non-Class:  30.00 KB
       Class:  20.00 KB
        Both:  50.00 KB

MaxMetaspaceSize: 17179869184.00 GB
CompressedClassSpaceSize: 1.00 GB

CodeHeap 'non-profiled nmethods': size=120064Kb used=392Kb max_used=392Kb free=119671Kb
 bounds [0x000002610fc20000, 0x000002610fe90000, 0x0000026117160000]
CodeHeap 'profiled nmethods': size=120000Kb used=2303Kb max_used=2303Kb free=117696Kb
 bounds [0x00000261086f0000, 0x0000026108960000, 0x000002610fc20000]
CodeHeap 'non-nmethods': size=5696Kb used=1275Kb max_used=1288Kb free=4420Kb
 bounds [0x0000026108160000, 0x00000261083d0000, 0x00000261086f0000]
 total_blobs=1790 nmethods=1221 adapters=483
 compilation: enabled
              stopped_count=0, restarted_count=0
 full_count=0

Compilation events (20 events):
Event: 2.563 Thread 0x000002617fc0d070 nmethod 1192 0x000002610fc81010 code [0x000002610fc811a0, 0x000002610fc81398]
Event: 2.564 Thread 0x000002617fc851d0 1194       3       java.lang.invoke.Invokers$Holder::linkToTargetMethod (9 bytes)
Event: 2.564 Thread 0x000002617fc851d0 nmethod 1194 0x000002610890ad10 code [0x000002610890aec0, 0x000002610890b2b8]
Event: 2.565 Thread 0x000002617fc0d070 1195       4       java.lang.Math::max (11 bytes)
Event: 2.565 Thread 0x000002617fc0d070 nmethod 1195 0x000002610fc81490 code [0x000002610fc81600, 0x000002610fc81658]
Event: 2.566 Thread 0x000002617fc851d0 1196       3       javax.swing.ArrayTable::put (191 bytes)
Event: 2.567 Thread 0x000002617fc851d0 nmethod 1196 0x000002610890b390 code [0x000002610890b640, 0x000002610890cbf8]
Event: 2.567 Thread 0x000002617fc851d0 1197       3       java.util.WeakHashMap::eq (19 bytes)
Event: 2.568 Thread 0x000002617fc851d0 nmethod 1197 0x000002610890d010 code [0x000002610890d1c0, 0x000002610890d408]
Event: 2.570 Thread 0x000002617fc0d070 1198       4       sun.awt.image.PNGImageDecoder::filterRow (460 bytes)
Event: 2.590 Thread 0x000002617fc851d0 1200       3       sun.awt.image.ImageDecoder::setPixels (58 bytes)
Event: 2.591 Thread 0x000002617fc851d0 nmethod 1200 0x000002610890d510 code [0x000002610890d700, 0x000002610890dea8]
Event: 2.591 Thread 0x000002617fc851d0 1201       3       java.security.AccessController::doPrivileged (17 bytes)
Event: 2.591 Thread 0x000002617fc851d0 nmethod 1201 0x000002610890e190 code [0x000002610890e380, 0x000002610890e738]
Event: 2.591 Thread 0x000002617fc851d0 1202       3       java.security.AccessController::checkContext (49 bytes)
Event: 2.592 Thread 0x000002617fc851d0 nmethod 1202 0x000002610890e910 code [0x000002610890eb20, 0x000002610890f138]
Event: 2.592 Thread 0x000002617fc851d0 1203       3       java.awt.ImageMediaEntry::parseflags (31 bytes)
Event: 2.592 Thread 0x000002617fc851d0 nmethod 1203 0x000002610890f390 code [0x000002610890f520, 0x000002610890f718]
Event: 2.593 Thread 0x000002617fc851d0 1204   !   3       sun.awt.image.URLImageSource::checkSecurity (42 bytes)
Event: 2.594 Thread 0x000002617fc851d0 nmethod 1204 0x000002610890f790 code [0x000002610890f960, 0x000002610890fd48]

GC Heap History (4 events):
Event: 1.268 GC heap before
{Heap before GC invocations=0 (full 0):
 garbage-first heap   total 63488K, used 5120K [0x00000000c2c00000, 0x0000000100000000)
  region size 1024K, 6 young (6144K), 0 survivors (0K)
 Metaspace       used 4503K, capacity 5719K, committed 6016K, reserved 1056768K
  class space    used 448K, capacity 560K, committed 640K, reserved 1048576K
}
Event: 1.275 GC heap after
{Heap after GC invocations=1 (full 0):
 garbage-first heap   total 63488K, used 1640K [0x00000000c2c00000, 0x0000000100000000)
  region size 1024K, 1 young (1024K), 1 survivors (1024K)
 Metaspace       used 4503K, capacity 5719K, committed 6016K, reserved 1056768K
  class space    used 448K, capacity 560K, committed 640K, reserved 1048576K
}
Event: 1.718 GC heap before
{Heap before GC invocations=1 (full 0):
 garbage-first heap   total 63488K, used 5736K [0x00000000c2c00000, 0x0000000100000000)
  region size 1024K, 6 young (6144K), 1 survivors (1024K)
 Metaspace       used 6712K, capacity 7013K, committed 7168K, reserved 1056768K
  class space    used 679K, capacity 762K, committed 768K, reserved 1048576K
}
Event: 1.724 GC heap after
{Heap after GC invocations=2 (full 0):
 garbage-first heap   total 63488K, used 3323K [0x00000000c2c00000, 0x0000000100000000)
  region size 1024K, 1 young (1024K), 1 survivors (1024K)
 Metaspace       used 6712K, capacity 7013K, committed 7168K, reserved 1056768K
  class space    used 679K, capacity 762K, committed 768K, reserved 1048576K
}

Deoptimization events (20 events):
Event: 2.444 Thread 0x000002611b2cb4d0 Uncommon trap: trap_request=0xffffff45 fr.pc=0x000002610fc4bb80 relative=0x0000000000000360
Event: 2.444 Thread 0x000002611b2cb4d0 Uncommon trap: reason=unstable_if action=reinterpret pc=0x000002610fc4bb80 method=java.lang.StringLatin1.canEncode(I)Z @ 4 c2
Event: 2.444 Thread 0x000002611b2cb4d0 DEOPT PACKING pc=0x000002610fc4bb80 sp=0x00000098acffe840
Event: 2.444 Thread 0x000002611b2cb4d0 DEOPT UNPACKING pc=0x00000261081ae129 sp=0x00000098acffe768 mode 2
Event: 2.444 Thread 0x000002611b2cb4d0 Uncommon trap: trap_request=0xffffff45 fr.pc=0x000002610fc4ac70 relative=0x0000000000000350
Event: 2.444 Thread 0x000002611b2cb4d0 Uncommon trap: reason=unstable_if action=reinterpret pc=0x000002610fc4ac70 method=java.lang.AbstractStringBuilder.isLatin1()Z @ 10 c2
Event: 2.444 Thread 0x000002611b2cb4d0 DEOPT PACKING pc=0x000002610fc4ac70 sp=0x00000098acffe850
Event: 2.444 Thread 0x000002611b2cb4d0 DEOPT UNPACKING pc=0x00000261081ae129 sp=0x00000098acffe7e0 mode 2
Event: 2.444 Thread 0x000002611b2cb4d0 Uncommon trap: trap_request=0xffffff45 fr.pc=0x000002610fc4e1d8 relative=0x0000000000000058
Event: 2.445 Thread 0x000002611b2cb4d0 Uncommon trap: reason=unstable_if action=reinterpret pc=0x000002610fc4e1d8 method=java.lang.AbstractStringBuilder.isLatin1()Z @ 10 c2
Event: 2.445 Thread 0x000002611b2cb4d0 DEOPT PACKING pc=0x000002610fc4e1d8 sp=0x00000098acffe840
Event: 2.445 Thread 0x000002611b2cb4d0 DEOPT UNPACKING pc=0x00000261081ae129 sp=0x00000098acffe7d0 mode 2
Event: 2.455 Thread 0x000002611b2cb4d0 Uncommon trap: trap_request=0xffffff45 fr.pc=0x000002610fc5a5c4 relative=0x0000000000000044
Event: 2.455 Thread 0x000002611b2cb4d0 Uncommon trap: reason=unstable_if action=reinterpret pc=0x000002610fc5a5c4 method=java.lang.CharacterData.of(I)Ljava/lang/CharacterData; @ 4 c2
Event: 2.455 Thread 0x000002611b2cb4d0 DEOPT PACKING pc=0x000002610fc5a5c4 sp=0x00000098acffdff0
Event: 2.455 Thread 0x000002611b2cb4d0 DEOPT UNPACKING pc=0x00000261081ae129 sp=0x00000098acffdf90 mode 2
Event: 2.570 Thread 0x000002611b34bb90 DEOPT PACKING pc=0x00000261088fdded sp=0x00000098ad0ff1b0
Event: 2.570 Thread 0x000002611b34bb90 DEOPT UNPACKING pc=0x00000261081adf30 sp=0x00000098ad0fe650 mode 0
Event: 2.589 Thread 0x000002611b34bb90 DEOPT PACKING pc=0x00000261088fdded sp=0x00000098ad0ff1b0
Event: 2.589 Thread 0x000002611b34bb90 DEOPT UNPACKING pc=0x00000261081adf30 sp=0x00000098ad0fe650 mode 0

Classes unloaded (0 events):
No events

Classes redefined (0 events):
No events

Internal exceptions (20 events):
Event: 0.534 Thread 0x000002617e67fcc0 Exception <a 'java/io/FileNotFoundException'{0x00000000c68be018}> (0x00000000c68be018) 
thrown [./open/src/hotspot/share/prims/jni.cpp, line 578]
Event: 0.536 Thread 0x000002617e67fcc0 Exception <a 'java/lang/NoSuchMethodError'{0x00000000c68bf320}: 'java.lang.Object java.lang.invoke.DirectMethodHandle$Holder.invokeStatic(java.lang.Object)'> (0x00000000c68bf320) 
thrown [./open/src/hotspot/share/interpreter/linkResolver.cpp, line 782]
Event: 0.560 Thread 0x000002617e67fcc0 Exception <a 'java/lang/NoSuchMethodError'{0x00000000c68cd398}: 'void java.lang.invoke.DirectMethodHandle$Holder.invokeSpecial(java.lang.Object, java.lang.Object, java.lang.Object)'> (0x00000000c68cd398) 
thrown [./open/src/hotspot/share/interpreter/linkResolver.cpp, line 782]
Event: 0.663 Thread 0x000002617e67fcc0 Exception <a 'java/lang/NoSuchMethodError'{0x00000000c670d1b0}: 'java.lang.Object java.lang.invoke.DirectMethodHandle$Holder.invokeStaticInit(java.lang.Object)'> (0x00000000c670d1b0) 
thrown [./open/src/hotspot/share/interpreter/linkResolver.cpp, line 782]
Event: 1.097 Thread 0x000002611abf4290 Exception <a 'java/lang/NoSuchMethodError'{0x00000000c66b8e20}: 'java.lang.Object java.lang.invoke.DirectMethodHandle$Holder.invokeInterface(java.lang.Object, java.lang.Object)'> (0x00000000c66b8e20) 
thrown [./open/src/hotspot/share/interpreter/linkResolver.cpp, line 782]
Event: 1.170 Thread 0x000002611abf4290 Exception <a 'java/lang/NoSuchMethodError'{0x00000000c654b6d8}: 'void java.lang.invoke.DirectMethodHandle$Holder.invokeStatic(java.lang.Object, java.lang.Object, java.lang.Object)'> (0x00000000c654b6d8) 
thrown [./open/src/hotspot/share/interpreter/linkResolver.cpp, line 782]
Event: 1.174 Thread 0x000002611abf4290 Exception <a 'java/lang/NoSuchMethodError'{0x00000000c6556470}: 'java.lang.Object java.lang.invoke.DirectMethodHandle$Holder.invokeVirtual(java.lang.Object, java.lang.Object, java.lang.Object)'> (0x00000000c6556470) 
thrown [./open/src/hotspot/share/interpreter/linkResolver.cpp, line 782]
Event: 1.411 Thread 0x000002611abf4290 Exception <a 'java/lang/NoSuchMethodError'{0x00000000c68b74a8}: 'void java.lang.invoke.DirectMethodHandle$Holder.invokeStatic(java.lang.Object, java.lang.Object)'> (0x00000000c68b74a8) 
thrown [./open/src/hotspot/share/interpreter/linkResolver.cpp, line 782]
Event: 1.518 Thread 0x000002611abf4290 Exception <a 'java/lang/NoSuchMethodError'{0x00000000c660f618}: 'void java.lang.invoke.DirectMethodHandle$Holder.invokeStaticInit(java.lang.Object, java.lang.Object)'> (0x00000000c660f618) 
thrown [./open/src/hotspot/share/interpreter/linkResolver.cpp, line 782]
Event: 2.245 Thread 0x000002611abf4290 Exception <a 'java/lang/NoSuchMethodError'{0x00000000c67b90d8}: 'java.lang.Object java.lang.invoke.DirectMethodHandle$Holder.newInvokeSpecial(java.lang.Object, java.lang.Object, java.lang.Object, java.lang.Object, java.lang.Object)'> (0x00000000c67b90d8) 
thrown [./open/src/hotspot/share/interpreter/linkResolver.cpp, line 782]
Event: 2.247 Thread 0x000002611abf4290 Exception <a 'java/lang/NoSuchMethodError'{0x00000000c67c4dd8}: 'java.lang.Object java.lang.invoke.DirectMethodHandle$Holder.invokeStatic(java.lang.Object, int, java.lang.Object, java.lang.Object, java.lang.Object, java.lang.Object)'> (0x00000000c67c4dd8) 
thrown [./open/src/hotspot/share/interpreter/linkResolver.cpp, line 782]
Event: 2.254 Thread 0x000002611abf4290 Exception <a 'java/lang/NoSuchMethodError'{0x00000000c67eb298}: 'java.lang.Object java.lang.invoke.DirectMethodHandle$Holder.invokeStatic(java.lang.Object, int, java.lang.Object)'> (0x00000000c67eb298) 
thrown [./open/src/hotspot/share/interpreter/linkResolver.cpp, line 782]
Event: 2.316 Thread 0x000002611abf4290 Exception <a 'java/lang/ClassNotFoundException'{0x00000000c66aa628}: com/sun/swing/internal/plaf/metal/resources/spi/metalProvider> (0x00000000c66aa628) 
thrown [./open/src/hotspot/share/classfile/systemDictionary.cpp, line 295]
Event: 2.319 Thread 0x000002611abf4290 Exception <a 'java/lang/ClassNotFoundException'{0x00000000c66ae918}: com/sun/swing/internal/plaf/basic/resources/spi/basicProvider> (0x00000000c66ae918) 
thrown [./open/src/hotspot/share/classfile/systemDictionary.cpp, line 295]
Event: 2.338 Thread 0x000002611abf4290 Implicit null exception at 0x000002610fc734d8 to 0x000002610fc7356a
Event: 2.359 Thread 0x000002611abf4290 Implicit null exception at 0x000002610fc78b0e to 0x000002610fc78ee8
Event: 2.360 Thread 0x000002611abf4290 Implicit null exception at 0x000002610fc6e50e to 0x000002610fc6e8a4
Event: 2.435 Thread 0x000002611b2cb4d0 Implicit null exception at 0x000002610fc579d7 to 0x000002610fc57edc
Event: 2.435 Thread 0x000002611b2cb4d0 Implicit null exception at 0x000002610fc56f54 to 0x000002610fc57460
Event: 2.463 Thread 0x000002611b2cb4d0 Exception <a 'java/lang/NoSuchMethodError'{0x00000000c6589450}: 'java.lang.Object java.lang.invoke.DirectMethodHandle$Holder.newInvokeSpecial(java.lang.Object, java.lang.Object, java.lang.Object, int, int, int, int, int)'> (0x00000000c6589450) 
thrown [./open/src/hotspot/share/interpreter/linkResolver.cpp, line 782]

Events (20 events):
Event: 2.557 loading class javax/swing/text/JTextComponent$KeymapActionMap
Event: 2.557 loading class javax/swing/text/JTextComponent$KeymapActionMap done
Event: 2.559 loading class javax/swing/plaf/basic/BasicTextUI$FocusAction
Event: 2.559 loading class javax/swing/plaf/basic/BasicTextUI$FocusAction done
Event: 2.559 loading class javax/swing/plaf/basic/BasicTextUI$TextActionWrapper
Event: 2.560 loading class javax/swing/plaf/basic/BasicTextUI$TextActionWrapper done
Event: 2.560 loading class javax/swing/plaf/synth/SynthUI
Event: 2.560 loading class javax/swing/plaf/synth/SynthConstants
Event: 2.560 loading class javax/swing/plaf/synth/SynthConstants done
Event: 2.560 loading class javax/swing/plaf/synth/SynthUI done
Event: 2.561 loading class javax/swing/DefaultBoundedRangeModel
Event: 2.562 loading class javax/swing/BoundedRangeModel
Event: 2.562 loading class javax/swing/BoundedRangeModel done
Event: 2.562 loading class javax/swing/DefaultBoundedRangeModel done
Event: 2.562 loading class javax/swing/JTextField$ScrollRepainter
Event: 2.562 loading class javax/swing/JTextField$ScrollRepainter done
Event: 2.563 loading class javax/swing/plaf/basic/BasicPasswordFieldUI
Event: 2.564 loading class javax/swing/plaf/basic/BasicPasswordFieldUI done
Event: 2.565 loading class javax/swing/text/PasswordView
Event: 2.566 loading class javax/swing/text/PasswordView done


Dynamic libraries:
0x00007ff78b7a0000 - 0x00007ff78b7af000 	C:\Program Files\Java\jdk-15.0.2\bin\javaw.exe
0x00007fffa5e20000 - 0x00007fffa6010000 	C:\Windows\SYSTEM32\ntdll.dll
0x00007fffa58e0000 - 0x00007fffa5992000 	C:\Windows\System32\KERNEL32.DLL
0x00007fffa2f10000 - 0x00007fffa31b5000 	C:\Windows\System32\KERNELBASE.dll
0x00007fffa31c0000 - 0x00007fffa32ba000 	C:\Windows\System32\ucrtbase.dll
0x00007fff9cd60000 - 0x00007fff9cd78000 	C:\Program Files\Java\jdk-15.0.2\bin\jli.dll
0x00007fffa4020000 - 0x00007fffa40c3000 	C:\Windows\System32\ADVAPI32.dll
0x00007fffa5a00000 - 0x00007fffa5a9e000 	C:\Windows\System32\msvcrt.dll
0x00007fffa3f80000 - 0x00007fffa4017000 	C:\Windows\System32\sechost.dll
0x00007fffa5100000 - 0x00007fffa521f000 	C:\Windows\System32\RPCRT4.dll
0x00007fffa4a70000 - 0x00007fffa4c04000 	C:\Windows\System32\USER32.dll
0x00007fffa3c80000 - 0x00007fffa3ca1000 	C:\Windows\System32\win32u.dll
0x00007fffa5220000 - 0x00007fffa5246000 	C:\Windows\System32\GDI32.dll
0x00007fffa3ae0000 - 0x00007fffa3c78000 	C:\Windows\System32\gdi32full.dll
0x00007fffa3a40000 - 0x00007fffa3ade000 	C:\Windows\System32\msvcp_win.dll
0x00007fff97900000 - 0x00007fff97919000 	C:\Program Files\Java\jdk-15.0.2\bin\VCRUNTIME140.dll
0x00007fff8ed30000 - 0x00007fff8ed3a000 	C:\Windows\SYSTEM32\VERSION.dll
0x00007fff8acb0000 - 0x00007fff8af34000 	C:\Windows\WinSxS\amd64_microsoft.windows.common-controls_6595b64144ccf1df_6.0.18362.1440_none_9e7dbfb9e45e8e67\COMCTL32.dll
0x00007fffa5aa0000 - 0x00007fffa5dd6000 	C:\Windows\System32\combase.dll
0x00007fffa3ce0000 - 0x00007fffa3d61000 	C:\Windows\System32\bcryptPrimitives.dll
0x00007fffa3ed0000 - 0x00007fffa3efe000 	C:\Windows\System32\IMM32.DLL
0x00007fffa06e0000 - 0x00007fffa06ec000 	C:\Program Files\Java\jdk-15.0.2\bin\vcruntime140_1.dll
0x00007fff89d60000 - 0x00007fff89df1000 	C:\Program Files\Java\jdk-15.0.2\bin\msvcp140.dll
0x00007fff61000000 - 0x00007fff61b5e000 	C:\Program Files\Java\jdk-15.0.2\bin\server\jvm.dll
0x00007fffa5020000 - 0x00007fffa5028000 	C:\Windows\System32\PSAPI.DLL
0x00007fffa05f0000 - 0x00007fffa0614000 	C:\Windows\SYSTEM32\WINMM.dll
0x00007fff8bcf0000 - 0x00007fff8bcf9000 	C:\Windows\SYSTEM32\WSOCK32.dll
0x00007fffa05c0000 - 0x00007fffa05ed000 	C:\Windows\SYSTEM32\WINMMBASE.dll
0x00007fffa52d0000 - 0x00007fffa533f000 	C:\Windows\System32\WS2_32.dll
0x00007fffa3dd0000 - 0x00007fffa3e1a000 	C:\Windows\System32\cfgmgr32.dll
0x00007fffa2ce0000 - 0x00007fffa2cf1000 	C:\Windows\System32\kernel.appcore.dll
0x00007fff9edd0000 - 0x00007fff9edda000 	C:\Program Files\Java\jdk-15.0.2\bin\jimage.dll
0x00007fffa15e0000 - 0x00007fffa17d4000 	C:\Windows\SYSTEM32\DBGHELP.DLL
0x00007fff931e0000 - 0x00007fff9320a000 	C:\Windows\SYSTEM32\dbgcore.DLL
0x00007fff8c9f0000 - 0x00007fff8ca15000 	C:\Program Files\Java\jdk-15.0.2\bin\java.dll
0x00007fffa4380000 - 0x00007fffa4a68000 	C:\Windows\System32\SHELL32.dll
0x00007fffa4c20000 - 0x00007fffa4cc7000 	C:\Windows\System32\shcore.dll
0x00007fffa32c0000 - 0x00007fffa3a3b000 	C:\Windows\System32\windows.storage.dll
0x00007fffa2d20000 - 0x00007fffa2d3e000 	C:\Windows\System32\profapi.dll
0x00007fffa2d40000 - 0x00007fffa2d8a000 	C:\Windows\System32\powrprof.dll
0x00007fffa2cd0000 - 0x00007fffa2ce0000 	C:\Windows\System32\UMPDC.dll
0x00007fffa59a0000 - 0x00007fffa59f2000 	C:\Windows\System32\shlwapi.dll
0x00007fffa2ef0000 - 0x00007fffa2f07000 	C:\Windows\System32\cryptsp.dll
0x00007fff9d0b0000 - 0x00007fff9d0c9000 	C:\Program Files\Java\jdk-15.0.2\bin\net.dll
0x00007fff9be00000 - 0x00007fff9befa000 	C:\Windows\SYSTEM32\WINHTTP.dll
0x00007fffa24b0000 - 0x00007fffa2517000 	C:\Windows\system32\mswsock.dll
0x00007fff9cc80000 - 0x00007fff9cc92000 	C:\Program Files\Java\jdk-15.0.2\bin\nio.dll
0x00007fff95bf0000 - 0x00007fff95c08000 	C:\Program Files\Java\jdk-15.0.2\bin\zip.dll
0x00007fff84120000 - 0x00007fff842a0000 	C:\Program Files\Java\jdk-15.0.2\bin\awt.dll
0x00007fffa4230000 - 0x00007fffa42f5000 	C:\Windows\System32\OLEAUT32.dll
0x00007fffa06f0000 - 0x00007fffa077f000 	C:\Windows\SYSTEM32\apphelp.dll
0x00007fffa07d0000 - 0x00007fffa0869000 	C:\Windows\system32\uxtheme.dll
0x00007fffa4d30000 - 0x00007fffa4e65000 	C:\Windows\System32\MSCTF.dll
0x00007fffa40d0000 - 0x00007fffa4227000 	C:\Windows\System32\ole32.dll
0x00007fffa2200000 - 0x00007fffa22cb000 	C:\Windows\SYSTEM32\DNSAPI.dll
0x00007fffa5250000 - 0x00007fffa5258000 	C:\Windows\System32\NSI.dll
0x00007fffa21c0000 - 0x00007fffa21fa000 	C:\Windows\SYSTEM32\IPHLPAPI.DLL
0x00007fff94b90000 - 0x00007fff94b9a000 	C:\Windows\System32\rasadhlp.dll
0x00007fff963e0000 - 0x00007fff96457000 	C:\Windows\System32\fwpuclnt.dll
0x00007fffa3cb0000 - 0x00007fffa3cd6000 	C:\Windows\System32\bcrypt.dll
0x00007fffa0690000 - 0x00007fffa069d000 	C:\Program Files\Java\jdk-15.0.2\bin\sunmscapi.dll
0x00007fffa2d90000 - 0x00007fffa2ee1000 	C:\Windows\System32\CRYPT32.dll
0x00007fffa2d00000 - 0x00007fffa2d12000 	C:\Windows\System32\MSASN1.dll
0x00007fffa2780000 - 0x00007fffa27a6000 	C:\Windows\SYSTEM32\ncrypt.dll
0x00007fffa2740000 - 0x00007fffa277b000 	C:\Windows\SYSTEM32\NTASN1.dll
0x00007fffa0e50000 - 0x00007fffa0e7d000 	C:\Windows\system32\DWMAPI.DLL
0x00007fff785c0000 - 0x00007fff78716000 	C:\Windows\system32\opengl32.dll
0x00007fff9ede0000 - 0x00007fff9ee0c000 	C:\Windows\SYSTEM32\GLU32.dll
0x00007fffa1910000 - 0x00007fffa1930000 	C:\Windows\SYSTEM32\dxcore.dll

dbghelp: loaded successfully - version: 4.0.5 - missing functions: none
symbol engine: initialized successfully - sym options: 0x614 - pdb path: .;C:\Program Files\Java\jdk-15.0.2\bin;C:\Windows\SYSTEM32;C:\Windows\WinSxS\amd64_microsoft.windows.common-controls_6595b64144ccf1df_6.0.18362.1440_none_9e7dbfb9e45e8e67;C:\Program Files\Java\jdk-15.0.2\bin\server

VM Arguments:
jvm_args: -Dfile.encoding=Cp1252 -XX:+ShowCodeDetailsInExceptionMessages 
java_command: presentation.TRKGUI
java_class_path (initial): C:\Users\donda\OneDrive\Documents\COMP2171\2171SoftwareProject\TRKPARTYRENTALS\bin;C:\Users\donda\OneDrive\Documents\COMP2171\2171SoftwareProject\TRKPARTYRENTALS\mysql-connector-java-8.0.22.jar;C:\Users\donda\OneDrive\Documents\COMP2171\2171SoftwareProject\TRKPARTYRENTALS\miglayout15-swing.jar;C:\Users\donda\OneDrive\Documents\COMP2171\2171SoftwareProject\TRKPARTYRENTALS\jcalendar-1.4.jar
Launcher Type: SUN_STANDARD

[Global flags]
     intx CICompilerCount                          = 2                                         {product} {ergonomic}
     uint ConcGCThreads                            = 1                                         {product} {ergonomic}
     uint G1ConcRefinementThreads                  = 2                                         {product} {ergonomic}
   size_t G1HeapRegionSize                         = 1048576                                   {product} {ergonomic}
    uintx GCDrainStackTargetSize                   = 64                                        {product} {ergonomic}
   size_t InitialHeapSize                          = 65011712                                  {product} {ergonomic}
   size_t MarkStackSize                            = 4194304                                   {product} {ergonomic}
   size_t MaxHeapSize                              = 1027604480                                {product} {ergonomic}
   size_t MaxNewSize                               = 616562688                                 {product} {ergonomic}
   size_t MinHeapDeltaBytes                        = 1048576                                   {product} {ergonomic}
   size_t MinHeapSize                              = 8388608                                   {product} {ergonomic}
    uintx NonNMethodCodeHeapSize                   = 5826188                                {pd product} {ergonomic}
    uintx NonProfiledCodeHeapSize                  = 122916026                              {pd product} {ergonomic}
    uintx ProfiledCodeHeapSize                     = 122916026                              {pd product} {ergonomic}
    uintx ReservedCodeCacheSize                    = 251658240                              {pd product} {ergonomic}
     bool SegmentedCodeCache                       = true                                      {product} {ergonomic}
     bool ShowCodeDetailsInExceptionMessages       = true                                   {manageable} {command line}
   size_t SoftMaxHeapSize                          = 1027604480                             {manageable} {ergonomic}
     bool UseCompressedClassPointers               = true                                 {lp64_product} {ergonomic}
     bool UseCompressedOops                        = true                                 {lp64_product} {ergonomic}
     bool UseG1GC                                  = true                                      {product} {ergonomic}
     bool UseLargePagesIndividualAllocation        = false                                  {pd product} {ergonomic}

Logging:
Log output configuration:
 #0: stdout all=warning uptime,level,tags
 #1: stderr all=off uptime,level,tags

Environment Variables:
PATH=C:/Program Files/Java/jdk-15.0.2/bin/server;C:/Program Files/Java/jdk-15.0.2/bin;C:\Program Files\Common Files\Oracle\Java\javapath;C:\Program Files (x86)\Common Files\Oracle\Java\javapath;C:\Program Files\Python39\Scripts\;C:\Program Files\Python39\;C:\Windows\system32;C:\Windows;C:\Windows\System32\Wbem;C:\Windows\System32\WindowsPowerShell\v1.0\;C:\Windows\System32\OpenSSH\;C:\Program Files\Git\cmd;C:\Program Files\Java\jdk-15.0.2\bin;C:\Users\donda\AppData\Local\Microsoft\WindowsApps;C:\Users\donda\AppData\Local\Programs\Microsoft VS Code\bin;C:\Program Files\heroku\bin;C:\Program Files\Java\jdk-15.0.2\bin;;C:\Users\donda\OneDrive\Desktop;
USERNAME=donda
OS=Windows_NT
PROCESSOR_IDENTIFIER=Intel64 Family 6 Model 122 Stepping 1, GenuineIntel



---------------  S Y S T E M  ---------------

OS:
 Windows 10 , 64 bit Build 18362 (10.0.18362.1350)
OS uptime: 2 days 13:39 hours

CPU: total 2 (initial active 2) (2 cores per cpu, 1 threads per core) family 6 model 122 stepping 1 microcode 0x2c, cmov, cx8, fxsr, mmx, sse, sse2, sse3, ssse3, sse4.1, sse4.2, popcnt, aes, clmul, erms, 3dnowpref, tsc, tscinvbit, sha, clflush, clflushopt

Memory: 4k page, system-wide physical 3917M (267M free)
TotalPageFile size 11213M (AvailPageFile size 4M)
current process WorkingSet (physical memory assigned to process): 69M, peak: 69M
current process commit charge ("private bytes"): 149M, peak: 150M

vm_info: Java HotSpot(TM) 64-Bit Server VM (15.0.2+7-27) for windows-amd64 JRE (15.0.2+7-27), built on Dec  7 2020 20:07:01 by "mach5one" with unknown MS VC++:1925

END.
