#
# There is insufficient memory for the Java Runtime Environment to continue.
# Native memory allocation (malloc) failed to allocate 32744 bytes for ChunkPool::allocate
# Possible reasons:
#   The system is out of physical RAM or swap space
#   The process is running with CompressedOops enabled, and the Java Heap may be blocking the growth of the native heap
# Possible solutions:
#   Reduce memory load on the system
#   Increase physical memory or swap space
#   Check if swap backing store is full
#   Decrease Java heap size (-Xmx/-Xms)
#   Decrease number of Java threads
#   Decrease Java thread stack sizes (-Xss)
#   Set larger code cache with -XX:ReservedCodeCacheSize=
#   JVM is running with Unscaled Compressed Oops mode in which the Java heap is
#     placed in the first 4GB address space. The Java Heap base address is the
#     maximum limit for the native heap growth. Please use -XX:HeapBaseMinAddress
#     to set the Java Heap base and to place the Java Heap above 4GB virtual address.
# This output file may be truncated or incomplete.
#
#  Out of Memory Error (./open/src/hotspot/share/memory/arena.cpp:79), pid=15800, tid=2132
#
# JRE version: Java(TM) SE Runtime Environment (15.0.2+7) (build 15.0.2+7-27)
# Java VM: Java HotSpot(TM) 64-Bit Server VM (15.0.2+7-27, mixed mode, sharing, tiered, compressed oops, g1 gc, windows-amd64)
# No core dump will be written. Minidumps are not enabled by default on client versions of Windows
#

---------------  S U M M A R Y ------------

Command Line: -Dfile.encoding=Cp1252 -XX:+ShowCodeDetailsInExceptionMessages presentation.TRKGUI

Host: Intel(R) Celeron(R) N4000 CPU @ 1.10GHz, 2 cores, 3G,  Windows 10 , 64 bit Build 18362 (10.0.18362.1350)
Time: Sun Mar 21 10:26:53 2021 SA Pacific Standard Time elapsed time: 3.525135 seconds (0d 0h 0m 3s)

---------------  T H R E A D  ---------------

Current thread (0x000001d445578610):  JavaThread "C2 CompilerThread0" daemon [_thread_in_native, id=2132, stack(0x00000014b3900000,0x00000014b3a00000)]


Current CompileTask:
C2:   3525 1335   !   4       sun.awt.image.PNGImageDecoder::produceImage (1917 bytes)

Stack: [0x00000014b3900000,0x00000014b3a00000]
Native frames: (J=compiled Java code, j=interpreted, Vv=VM code, C=native code)
V  [jvm.dll+0x62ae9a]
V  [jvm.dll+0x7817a9]
V  [jvm.dll+0x782f03]
V  [jvm.dll+0x783563]
V  [jvm.dll+0x216325]
V  [jvm.dll+0x982cf]
V  [jvm.dll+0x980ad]
V  [jvm.dll+0x609d14]
V  [jvm.dll+0x6552ca]
V  [jvm.dll+0x18e47d]
V  [jvm.dll+0x1ea822]
V  [jvm.dll+0x1e996e]
V  [jvm.dll+0x178567]
V  [jvm.dll+0x1f9225]
V  [jvm.dll+0x1f72cc]
V  [jvm.dll+0x74495d]
V  [jvm.dll+0x73d75a]
V  [jvm.dll+0x629c56]
C  [ucrtbase.dll+0x210b2]
C  [KERNEL32.DLL+0x17c24]
C  [ntdll.dll+0x6d721]


---------------  P R O C E S S  ---------------

Threads class SMR info:
_java_thread_list=0x000001d446314ad0, length=19, elements={
0x000001d445556d40, 0x000001d445557910, 0x000001d445572e00, 0x000001d445575cc0,
0x000001d445576770, 0x000001d445578610, 0x000001d4455ee850, 0x000001d4455f2620,
0x000001d4457a3730, 0x000001d4457abf80, 0x000001d445a21c80, 0x000001d445a22320,
0x000001d445a24a90, 0x000001d445a195c0, 0x000001d42965fd70, 0x000001d445a1f6b0,
0x000001d4462db440, 0x000001d44635f440, 0x000001d4464851f0
}

Java Threads: ( => current thread )
  0x000001d445556d40 JavaThread "Reference Handler" daemon [_thread_blocked, id=9984, stack(0x00000014b3400000,0x00000014b3500000)]
  0x000001d445557910 JavaThread "Finalizer" daemon [_thread_blocked, id=15972, stack(0x00000014b3500000,0x00000014b3600000)]
  0x000001d445572e00 JavaThread "Signal Dispatcher" daemon [_thread_blocked, id=5220, stack(0x00000014b3600000,0x00000014b3700000)]
  0x000001d445575cc0 JavaThread "Attach Listener" daemon [_thread_blocked, id=11232, stack(0x00000014b3700000,0x00000014b3800000)]
  0x000001d445576770 JavaThread "Service Thread" daemon [_thread_blocked, id=6188, stack(0x00000014b3800000,0x00000014b3900000)]
=>0x000001d445578610 JavaThread "C2 CompilerThread0" daemon [_thread_in_native, id=2132, stack(0x00000014b3900000,0x00000014b3a00000)]
  0x000001d4455ee850 JavaThread "C1 CompilerThread0" daemon [_thread_blocked, id=8360, stack(0x00000014b3a00000,0x00000014b3b00000)]
  0x000001d4455f2620 JavaThread "Sweeper thread" daemon [_thread_blocked, id=13164, stack(0x00000014b3b00000,0x00000014b3c00000)]
  0x000001d4457a3730 JavaThread "Notification Thread" daemon [_thread_blocked, id=6608, stack(0x00000014b3c00000,0x00000014b3d00000)]
  0x000001d4457abf80 JavaThread "Common-Cleaner" daemon [_thread_blocked, id=11492, stack(0x00000014b3e00000,0x00000014b3f00000)]
  0x000001d445a21c80 JavaThread "Java2D Disposer" daemon [_thread_blocked, id=4744, stack(0x00000014b3f00000,0x00000014b4000000)]
  0x000001d445a22320 JavaThread "AWT-Shutdown" [_thread_blocked, id=4836, stack(0x00000014b4000000,0x00000014b4100000)]
  0x000001d445a24a90 JavaThread "AWT-Windows" daemon [_thread_in_native, id=13788, stack(0x00000014b4100000,0x00000014b4200000)]
  0x000001d445a195c0 JavaThread "AWT-EventQueue-0" [_thread_in_vm, id=13264, stack(0x00000014b4200000,0x00000014b4300000)]
  0x000001d42965fd70 JavaThread "DestroyJavaVM" [_thread_blocked, id=6536, stack(0x00000014b2d00000,0x00000014b2e00000)]
  0x000001d445a1f6b0 JavaThread "mysql-cj-abandoned-connection-cleanup" daemon [_thread_blocked, id=13484, stack(0x00000014b4300000,0x00000014b4400000)]
  0x000001d4462db440 JavaThread "Image Fetcher 0" daemon [_thread_blocked, id=10644, stack(0x00000014b4500000,0x00000014b4600000)]
  0x000001d44635f440 JavaThread "Image Fetcher 1" daemon [_thread_blocked, id=14548, stack(0x00000014b4600000,0x00000014b4700000)]
  0x000001d4464851f0 JavaThread "TimerQueue" daemon [_thread_blocked, id=340, stack(0x00000014b4700000,0x00000014b4800000)]

Other Threads:
  0x000001d445550dc0 VMThread "VM Thread" [stack: 0x00000014b3300000,0x00000014b3400000] [id=7108]
  0x000001d4457ab4d0 WatcherThread [stack: 0x00000014b3d00000,0x00000014b3e00000] [id=7468]
  0x000001d42968bff0 GCTaskThread "GC Thread#0" [stack: 0x00000014b2e00000,0x00000014b2f00000] [id=10836]
  0x000001d445a4fd20 GCTaskThread "GC Thread#1" [stack: 0x00000014b4400000,0x00000014b4500000] [id=10088]
  0x000001d429695d50 ConcurrentGCThread "G1 Main Marker" [stack: 0x00000014b2f00000,0x00000014b3000000] [id=3024]
  0x000001d4296969c0 ConcurrentGCThread "G1 Conc#0" [stack: 0x00000014b3000000,0x00000014b3100000] [id=11112]
  0x000001d4296cb2b0 ConcurrentGCThread "G1 Refine#0" [stack: 0x00000014b3100000,0x00000014b3200000] [id=10200]
  0x000001d4296cbf30 ConcurrentGCThread "G1 Young RemSet Sampling" [stack: 0x00000014b3200000,0x00000014b3300000] [id=16016]

Threads with active compile tasks:
C2 CompilerThread0     3591 1335   !   4       sun.awt.image.PNGImageDecoder::produceImage (1917 bytes)

VM state: not at safepoint (normal execution)

VM Mutex/Monitor currently owned by a thread: None

Heap address: 0x00000000c2c00000, size: 980 MB, Compressed Oops mode: 32-bit
CDS archive(s) mapped at: [0x0000000800000000-0x0000000800b50000-0x0000000800b50000), size 11862016, SharedBaseAddress: 0x0000000800000000, ArchiveRelocationMode: 0.
Compressed class space mapped at: 0x0000000800b50000-0x0000000840b50000, size: 1073741824
Narrow klass base: 0x0000000800000000, Narrow klass shift: 3, Narrow klass range: 0x100000000

GC Precious Log:
 CPUs: 2 total, 2 available
 Memory: 3917M
 Large Page Support: Disabled
 NUMA Support: Disabled
 Compressed Oops: Enabled (32-bit)
 Heap Region Size: 1M
 Heap Min Capacity: 8M
 Heap Initial Capacity: 62M
 Heap Max Capacity: 980M
 Pre-touch: Disabled
 Parallel Workers: 2
 Concurrent Workers: 1
 Concurrent Refinement Workers: 2
 Periodic GC: Disabled

Heap:
 garbage-first heap   total 76800K, used 36652K [0x00000000c2c00000, 0x0000000100000000)
  region size 1024K, 4 young (4096K), 1 survivors (1024K)
 Metaspace       used 13895K, capacity 14202K, committed 14336K, reserved 1062912K
  class space    used 1576K, capacity 1679K, committed 1792K, reserved 1048576K

Heap Regions: E=young(eden), S=young(survivor), O=old, HS=humongous(starts), HC=humongous(continues), CS=collection set, F=free, OA=open archive, CA=closed archive, TAMS=top-at-mark-start (previous, next)
|   0|0x00000000c2c00000, 0x00000000c2d00000, 0x00000000c2d00000|100%| O|  |TAMS 0x00000000c2d00000, 0x00000000c2c00000| Untracked 
|   1|0x00000000c2d00000, 0x00000000c2e00000, 0x00000000c2e00000|100%| O|  |TAMS 0x00000000c2e00000, 0x00000000c2d00000| Untracked 
|   2|0x00000000c2e00000, 0x00000000c2f00000, 0x00000000c2f00000|100%| O|  |TAMS 0x00000000c2f00000, 0x00000000c2e00000| Untracked 
|   3|0x00000000c2f00000, 0x00000000c3000000, 0x00000000c3000000|100%|HS|  |TAMS 0x00000000c3000000, 0x00000000c2f00000| Complete 
|   4|0x00000000c3000000, 0x00000000c3100000, 0x00000000c3100000|100%|HC|  |TAMS 0x00000000c3100000, 0x00000000c3000000| Complete 
|   5|0x00000000c3100000, 0x00000000c3200000, 0x00000000c3200000|100%|HS|  |TAMS 0x00000000c3200000, 0x00000000c3100000| Complete 
|   6|0x00000000c3200000, 0x00000000c3300000, 0x00000000c3300000|100%|HC|  |TAMS 0x00000000c3300000, 0x00000000c3200000| Complete 
|   7|0x00000000c3300000, 0x00000000c3400000, 0x00000000c3400000|100%|HS|  |TAMS 0x00000000c3400000, 0x00000000c3300000| Complete 
|   8|0x00000000c3400000, 0x00000000c3500000, 0x00000000c3500000|100%|HC|  |TAMS 0x00000000c3500000, 0x00000000c3400000| Complete 
|   9|0x00000000c3500000, 0x00000000c3600000, 0x00000000c3600000|100%|HS|  |TAMS 0x00000000c3600000, 0x00000000c3500000| Complete 
|  10|0x00000000c3600000, 0x00000000c3700000, 0x00000000c3700000|100%|HC|  |TAMS 0x00000000c3700000, 0x00000000c3600000| Complete 
|  11|0x00000000c3700000, 0x00000000c3800000, 0x00000000c3800000|100%| O|  |TAMS 0x00000000c3800000, 0x00000000c3700000| Untracked 
|  12|0x00000000c3800000, 0x00000000c3900000, 0x00000000c3900000|100%|HS|  |TAMS 0x00000000c3900000, 0x00000000c3800000| Complete 
|  13|0x00000000c3900000, 0x00000000c3a00000, 0x00000000c3a00000|100%|HC|  |TAMS 0x00000000c3a00000, 0x00000000c3900000| Complete 
|  14|0x00000000c3a00000, 0x00000000c3b00000, 0x00000000c3b00000|100%|HS|  |TAMS 0x00000000c3b00000, 0x00000000c3a00000| Complete 
|  15|0x00000000c3b00000, 0x00000000c3c00000, 0x00000000c3c00000|100%|HC|  |TAMS 0x00000000c3c00000, 0x00000000c3b00000| Complete 
|  16|0x00000000c3c00000, 0x00000000c3d00000, 0x00000000c3d00000|100%|HS|  |TAMS 0x00000000c3d00000, 0x00000000c3c00000| Complete 
|  17|0x00000000c3d00000, 0x00000000c3e00000, 0x00000000c3e00000|100%|HC|  |TAMS 0x00000000c3e00000, 0x00000000c3d00000| Complete 
|  18|0x00000000c3e00000, 0x00000000c3f00000, 0x00000000c3f00000|100%|HS|  |TAMS 0x00000000c3f00000, 0x00000000c3e00000| Complete 
|  19|0x00000000c3f00000, 0x00000000c4000000, 0x00000000c4000000|100%|HC|  |TAMS 0x00000000c4000000, 0x00000000c3f00000| Complete 
|  20|0x00000000c4000000, 0x00000000c4100000, 0x00000000c4100000|100%|HS|  |TAMS 0x00000000c4100000, 0x00000000c4000000| Complete 
|  21|0x00000000c4100000, 0x00000000c4200000, 0x00000000c4200000|100%|HC|  |TAMS 0x00000000c4200000, 0x00000000c4100000| Complete 
|  22|0x00000000c4200000, 0x00000000c4300000, 0x00000000c4300000|100%|HS|  |TAMS 0x00000000c4300000, 0x00000000c4200000| Complete 
|  23|0x00000000c4300000, 0x00000000c4400000, 0x00000000c4400000|100%|HC|  |TAMS 0x00000000c4400000, 0x00000000c4300000| Complete 
|  24|0x00000000c4400000, 0x00000000c4500000, 0x00000000c4500000|100%|HS|  |TAMS 0x00000000c4500000, 0x00000000c4400000| Complete 
|  25|0x00000000c4500000, 0x00000000c4600000, 0x00000000c4600000|100%|HC|  |TAMS 0x00000000c4600000, 0x00000000c4500000| Complete 
|  26|0x00000000c4600000, 0x00000000c4700000, 0x00000000c4700000|100%|HS|  |TAMS 0x00000000c4700000, 0x00000000c4600000| Complete 
|  27|0x00000000c4700000, 0x00000000c4800000, 0x00000000c4800000|100%|HC|  |TAMS 0x00000000c4800000, 0x00000000c4700000| Complete 
|  28|0x00000000c4800000, 0x00000000c4900000, 0x00000000c4900000|100%| O|  |TAMS 0x00000000c4804200, 0x00000000c4800000| Untracked 
|  29|0x00000000c4900000, 0x00000000c4a00000, 0x00000000c4a00000|100%|HS|  |TAMS 0x00000000c4a00000, 0x00000000c4900000| Complete 
|  30|0x00000000c4a00000, 0x00000000c4b00000, 0x00000000c4b00000|100%|HC|  |TAMS 0x00000000c4b00000, 0x00000000c4a00000| Complete 
|  31|0x00000000c4b00000, 0x00000000c4b57200, 0x00000000c4c00000| 34%| O|  |TAMS 0x00000000c4b00000, 0x00000000c4b00000| Untracked 
|  32|0x00000000c4c00000, 0x00000000c4d00000, 0x00000000c4d00000|100%|HS|  |TAMS 0x00000000c4c00000, 0x00000000c4c00000| Complete 
|  33|0x00000000c4d00000, 0x00000000c4e00000, 0x00000000c4e00000|100%|HC|  |TAMS 0x00000000c4d00000, 0x00000000c4d00000| Complete 
|  34|0x00000000c4e00000, 0x00000000c4e00000, 0x00000000c4f00000|  0%| F|  |TAMS 0x00000000c4e00000, 0x00000000c4e00000| Untracked 
|  35|0x00000000c4f00000, 0x00000000c4f00000, 0x00000000c5000000|  0%| F|  |TAMS 0x00000000c4f00000, 0x00000000c4f00000| Untracked 
|  36|0x00000000c5000000, 0x00000000c5000000, 0x00000000c5100000|  0%| F|  |TAMS 0x00000000c5000000, 0x00000000c5000000| Untracked 
|  37|0x00000000c5100000, 0x00000000c5100000, 0x00000000c5200000|  0%| F|  |TAMS 0x00000000c5100000, 0x00000000c5100000| Untracked 
|  38|0x00000000c5200000, 0x00000000c5200000, 0x00000000c5300000|  0%| F|  |TAMS 0x00000000c5200000, 0x00000000c5200000| Untracked 
|  39|0x00000000c5300000, 0x00000000c5300000, 0x00000000c5400000|  0%| F|  |TAMS 0x00000000c5300000, 0x00000000c5300000| Untracked 
|  40|0x00000000c5400000, 0x00000000c5400000, 0x00000000c5500000|  0%| F|  |TAMS 0x00000000c5400000, 0x00000000c5400000| Untracked 
|  41|0x00000000c5500000, 0x00000000c5500000, 0x00000000c5600000|  0%| F|  |TAMS 0x00000000c5500000, 0x00000000c5500000| Untracked 
|  42|0x00000000c5600000, 0x00000000c5600000, 0x00000000c5700000|  0%| F|  |TAMS 0x00000000c5600000, 0x00000000c5600000| Untracked 
|  43|0x00000000c5700000, 0x00000000c5700000, 0x00000000c5800000|  0%| F|  |TAMS 0x00000000c5700000, 0x00000000c5700000| Untracked 
|  44|0x00000000c5800000, 0x00000000c5800000, 0x00000000c5900000|  0%| F|  |TAMS 0x00000000c5800000, 0x00000000c5800000| Untracked 
|  45|0x00000000c5900000, 0x00000000c5900000, 0x00000000c5a00000|  0%| F|  |TAMS 0x00000000c5900000, 0x00000000c5900000| Untracked 
|  46|0x00000000c5a00000, 0x00000000c5a00000, 0x00000000c5b00000|  0%| F|  |TAMS 0x00000000c5a00000, 0x00000000c5a00000| Untracked 
|  47|0x00000000c5b00000, 0x00000000c5b00000, 0x00000000c5c00000|  0%| F|  |TAMS 0x00000000c5b00000, 0x00000000c5b00000| Untracked 
|  48|0x00000000c5c00000, 0x00000000c5c00000, 0x00000000c5d00000|  0%| F|  |TAMS 0x00000000c5c00000, 0x00000000c5c00000| Untracked 
|  49|0x00000000c5d00000, 0x00000000c5d00000, 0x00000000c5e00000|  0%| F|  |TAMS 0x00000000c5d00000, 0x00000000c5d00000| Untracked 
|  50|0x00000000c5e00000, 0x00000000c5e00000, 0x00000000c5f00000|  0%| F|  |TAMS 0x00000000c5e00000, 0x00000000c5e00000| Untracked 
|  51|0x00000000c5f00000, 0x00000000c5f00000, 0x00000000c6000000|  0%| F|  |TAMS 0x00000000c5f00000, 0x00000000c5f00000| Untracked 
|  52|0x00000000c6000000, 0x00000000c6000000, 0x00000000c6100000|  0%| F|  |TAMS 0x00000000c6000000, 0x00000000c6000000| Untracked 
|  53|0x00000000c6100000, 0x00000000c6100000, 0x00000000c6200000|  0%| F|  |TAMS 0x00000000c6100000, 0x00000000c6100000| Untracked 
|  54|0x00000000c6200000, 0x00000000c6200000, 0x00000000c6300000|  0%| F|  |TAMS 0x00000000c6200000, 0x00000000c6200000| Untracked 
|  55|0x00000000c6300000, 0x00000000c6300000, 0x00000000c6400000|  0%| F|  |TAMS 0x00000000c6300000, 0x00000000c6300000| Untracked 
|  56|0x00000000c6400000, 0x00000000c6400000, 0x00000000c6500000|  0%| F|  |TAMS 0x00000000c6400000, 0x00000000c6400000| Untracked 
|  57|0x00000000c6500000, 0x00000000c6500000, 0x00000000c6600000|  0%| F|  |TAMS 0x00000000c6500000, 0x00000000c6500000| Untracked 
|  58|0x00000000c6600000, 0x00000000c6600000, 0x00000000c6700000|  0%| F|  |TAMS 0x00000000c6600000, 0x00000000c6600000| Untracked 
|  59|0x00000000c6700000, 0x00000000c6774100, 0x00000000c6800000| 45%| S|CS|TAMS 0x00000000c6700000, 0x00000000c6700000| Complete 
|  60|0x00000000c6800000, 0x00000000c6800000, 0x00000000c6900000|  0%| F|  |TAMS 0x00000000c6800000, 0x00000000c6800000| Untracked 
|  61|0x00000000c6900000, 0x00000000c6900000, 0x00000000c6a00000|  0%| F|  |TAMS 0x00000000c6900000, 0x00000000c6900000| Untracked 
|  62|0x00000000c6a00000, 0x00000000c6a00000, 0x00000000c6b00000|  0%| F|  |TAMS 0x00000000c6a00000, 0x00000000c6a00000| Untracked 
|  63|0x00000000c6b00000, 0x00000000c6b00000, 0x00000000c6c00000|  0%| F|  |TAMS 0x00000000c6b00000, 0x00000000c6b00000| Untracked 
|  64|0x00000000c6c00000, 0x00000000c6c00000, 0x00000000c6d00000|  0%| F|  |TAMS 0x00000000c6c00000, 0x00000000c6c00000| Untracked 
|  65|0x00000000c6d00000, 0x00000000c6d00000, 0x00000000c6e00000|  0%| F|  |TAMS 0x00000000c6d00000, 0x00000000c6d00000| Untracked 
|  66|0x00000000c6e00000, 0x00000000c6e00000, 0x00000000c6f00000|  0%| F|  |TAMS 0x00000000c6e00000, 0x00000000c6e00000| Untracked 
|  67|0x00000000c6f00000, 0x00000000c6f00000, 0x00000000c7000000|  0%| F|  |TAMS 0x00000000c6f00000, 0x00000000c6f00000| Untracked 
|  68|0x00000000c7000000, 0x00000000c7000000, 0x00000000c7100000|  0%| F|  |TAMS 0x00000000c7000000, 0x00000000c7000000| Untracked 
|  69|0x00000000c7100000, 0x00000000c7100000, 0x00000000c7200000|  0%| F|  |TAMS 0x00000000c7100000, 0x00000000c7100000| Untracked 
|  70|0x00000000c7200000, 0x00000000c7200000, 0x00000000c7300000|  0%| F|  |TAMS 0x00000000c7200000, 0x00000000c7200000| Untracked 
|  71|0x00000000c7300000, 0x00000000c7300000, 0x00000000c7400000|  0%| F|  |TAMS 0x00000000c7300000, 0x00000000c7300000| Untracked 
|  72|0x00000000c7400000, 0x00000000c74c8d68, 0x00000000c7500000| 78%| E|  |TAMS 0x00000000c7400000, 0x00000000c7400000| Complete 
|  73|0x00000000c7500000, 0x00000000c7600000, 0x00000000c7600000|100%| E|CS|TAMS 0x00000000c7500000, 0x00000000c7500000| Complete 
|  74|0x00000000c7600000, 0x00000000c7700000, 0x00000000c7700000|100%| E|CS|TAMS 0x00000000c7600000, 0x00000000c7600000| Complete 

Card table byte_map: [0x000001d440890000,0x000001d440a80000] _byte_map_base: 0x000001d44027a000

Marking Bits (Prev, Next): (CMBitMap*) 0x000001d42968d870, (CMBitMap*) 0x000001d42968d8b0
 Prev Bits: [0x000001d440c70000, 0x000001d441bc0000)
 Next Bits: [0x000001d441bc0000, 0x000001d442b10000)

Polling page: 0x000001d428e30000

Metaspace:

Usage:
  Non-class:     12.23 MB capacity,    12.04 MB ( 98%) used,   172.89 KB (  1%) free+waste,    17.13 KB ( <1%) overhead. 
      Class:      1.64 MB capacity,     1.54 MB ( 94%) used,    94.83 KB (  6%) free+waste,     6.81 KB ( <1%) overhead. 
       Both:     13.87 MB capacity,    13.58 MB ( 98%) used,   267.72 KB (  2%) free+waste,    23.94 KB ( <1%) overhead. 

Virtual space:
  Non-class space:       14.00 MB reserved,      12.25 MB ( 88%) committed 
      Class space:        1.00 GB reserved,       1.75 MB ( <1%) committed 
             Both:        1.01 GB reserved,      14.00 MB (  1%) committed 

Chunk freelists:
   Non-Class:  21.00 KB
       Class:  17.00 KB
        Both:  38.00 KB

MaxMetaspaceSize: 17179869184.00 GB
CompressedClassSpaceSize: 1.00 GB

CodeHeap 'non-profiled nmethods': size=120064Kb used=554Kb max_used=554Kb free=119509Kb
 bounds [0x000001d439350000, 0x000001d4395c0000, 0x000001d440890000]
CodeHeap 'profiled nmethods': size=120000Kb used=2785Kb max_used=2785Kb free=117214Kb
 bounds [0x000001d431e20000, 0x000001d4320e0000, 0x000001d439350000]
CodeHeap 'non-nmethods': size=5696Kb used=1307Kb max_used=1330Kb free=4388Kb
 bounds [0x000001d431890000, 0x000001d431b00000, 0x000001d431e20000]
 total_blobs=2138 nmethods=1529 adapters=522
 compilation: enabled
              stopped_count=0, restarted_count=0
 full_count=0

Compilation events (20 events):
Event: 3.478 Thread 0x000001d4455ee850 1511       2       sun.awt.FontConfiguration::needToSearchForFile (128 bytes)
Event: 3.480 Thread 0x000001d4455ee850 nmethod 1511 0x000001d4320cfd10 code [0x000001d4320cff60, 0x000001d4320d0558]
Event: 3.482 Thread 0x000001d4455ee850 1512       2       java.util.HashMap::containsKey (14 bytes)
Event: 3.482 Thread 0x000001d4455ee850 nmethod 1512 0x000001d4320d0890 code [0x000001d4320d0a20, 0x000001d4320d0b48]
Event: 3.482 Thread 0x000001d4455ee850 1513       2       java.util.HashSet::contains (9 bytes)
Event: 3.483 Thread 0x000001d4455ee850 nmethod 1513 0x000001d4320d0c10 code [0x000001d4320d0da0, 0x000001d4320d0ec8]
Event: 3.483 Thread 0x000001d4455ee850 1514  s    1       sun.font.SunFontManager::getDefaultFontFile (5 bytes)
Event: 3.483 Thread 0x000001d4455ee850 nmethod 1514 0x000001d4393d9390 code [0x000001d4393d9520, 0x000001d4393d9678]
Event: 3.483 Thread 0x000001d4455ee850 1515  s    1       sun.font.SunFontManager::getDefaultFontFaceName (5 bytes)
Event: 3.483 Thread 0x000001d4455ee850 nmethod 1515 0x000001d4393d9710 code [0x000001d4393d98a0, 0x000001d4393d99f8]
Event: 3.487 Thread 0x000001d4455ee850 1516       2       java.lang.Character::toUpperCase (6 bytes)
Event: 3.487 Thread 0x000001d4455ee850 nmethod 1516 0x000001d4320d0f90 code [0x000001d4320d1140, 0x000001d4320d1278]
Event: 3.500 Thread 0x000001d4455ee850 1517       2       jdk.internal.access.SharedSecrets::getJavaLangAccess (4 bytes)
Event: 3.500 Thread 0x000001d4455ee850 nmethod 1517 0x000001d4320d1390 code [0x000001d4320d1520, 0x000001d4320d1618]
Event: 3.505 Thread 0x000001d4455ee850 1518       2       jdk.internal.misc.Unsafe::getShortUnaligned (12 bytes)
Event: 3.506 Thread 0x000001d4455ee850 nmethod 1518 0x000001d4320d1690 code [0x000001d4320d1820, 0x000001d4320d1958]
Event: 3.506 Thread 0x000001d4455ee850 1519       2       jdk.internal.misc.Unsafe::getShortUnaligned (33 bytes)
Event: 3.506 Thread 0x000001d4455ee850 nmethod 1519 0x000001d4320d1a10 code [0x000001d4320d1ba0, 0x000001d4320d1d18]
Event: 3.506 Thread 0x000001d4455ee850 1521       2       java.nio.ByteBufferAsShortBufferB::get (30 bytes)
Event: 3.506 Thread 0x000001d4455ee850 nmethod 1521 0x000001d4320d1d90 code [0x000001d4320d1f60, 0x000001d4320d2168]

GC Heap History (10 events):
Event: 0.901 GC heap before
{Heap before GC invocations=0 (full 0):
 garbage-first heap   total 63488K, used 5120K [0x00000000c2c00000, 0x0000000100000000)
  region size 1024K, 6 young (6144K), 0 survivors (0K)
 Metaspace       used 4508K, capacity 5719K, committed 6016K, reserved 1056768K
  class space    used 448K, capacity 560K, committed 640K, reserved 1048576K
}
Event: 0.906 GC heap after
{Heap after GC invocations=1 (full 0):
 garbage-first heap   total 63488K, used 1634K [0x00000000c2c00000, 0x0000000100000000)
  region size 1024K, 1 young (1024K), 1 survivors (1024K)
 Metaspace       used 4508K, capacity 5719K, committed 6016K, reserved 1056768K
  class space    used 448K, capacity 560K, committed 640K, reserved 1048576K
}
Event: 1.221 GC heap before
{Heap before GC invocations=1 (full 0):
 garbage-first heap   total 63488K, used 5730K [0x00000000c2c00000, 0x0000000100000000)
  region size 1024K, 6 young (6144K), 1 survivors (1024K)
 Metaspace       used 6715K, capacity 7013K, committed 7168K, reserved 1056768K
  class space    used 680K, capacity 762K, committed 768K, reserved 1048576K
}
Event: 1.228 GC heap after
{Heap after GC invocations=2 (full 0):
 garbage-first heap   total 63488K, used 3330K [0x00000000c2c00000, 0x0000000100000000)
  region size 1024K, 1 young (1024K), 1 survivors (1024K)
 Metaspace       used 6715K, capacity 7013K, committed 7168K, reserved 1056768K
  class space    used 680K, capacity 762K, committed 768K, reserved 1048576K
}
Event: 2.360 GC heap before
{Heap before GC invocations=2 (full 0):
 garbage-first heap   total 63488K, used 20738K [0x00000000c2c00000, 0x0000000100000000)
  region size 1024K, 10 young (10240K), 1 survivors (1024K)
 Metaspace       used 11530K, capacity 11793K, committed 11904K, reserved 1060864K
  class space    used 1252K, capacity 1325K, committed 1408K, reserved 1048576K
}
Event: 2.368 GC heap after
{Heap after GC invocations=3 (full 0):
 garbage-first heap   total 63488K, used 13567K [0x00000000c2c00000, 0x0000000100000000)
  region size 1024K, 2 young (2048K), 2 survivors (2048K)
 Metaspace       used 11530K, capacity 11793K, committed 11904K, reserved 1060864K
  class space    used 1252K, capacity 1325K, committed 1408K, reserved 1048576K
}
Event: 3.023 GC heap before
{Heap before GC invocations=3 (full 0):
 garbage-first heap   total 63488K, used 41215K [0x00000000c2c00000, 0x0000000100000000)
  region size 1024K, 14 young (14336K), 2 survivors (2048K)
 Metaspace       used 12326K, capacity 12601K, committed 12800K, reserved 1060864K
  class space    used 1359K, capacity 1423K, committed 1536K, reserved 1048576K
}
Event: 3.031 GC heap after
{Heap after GC invocations=4 (full 0):
 garbage-first heap   total 63488K, used 30516K [0x00000000c2c00000, 0x0000000100000000)
  region size 1024K, 2 young (2048K), 2 survivors (2048K)
 Metaspace       used 12326K, capacity 12601K, committed 12800K, reserved 1060864K
  class space    used 1359K, capacity 1423K, committed 1536K, reserved 1048576K
}
Event: 3.172 GC heap before
{Heap before GC invocations=5 (full 0):
 garbage-first heap   total 63488K, used 33588K [0x00000000c2c00000, 0x0000000100000000)
  region size 1024K, 4 young (4096K), 2 survivors (2048K)
 Metaspace       used 12326K, capacity 12601K, committed 12800K, reserved 1060864K
  class space    used 1359K, capacity 1423K, committed 1536K, reserved 1048576K
}
Event: 3.177 GC heap after
{Heap after GC invocations=6 (full 0):
 garbage-first heap   total 76800K, used 32556K [0x00000000c2c00000, 0x0000000100000000)
  region size 1024K, 1 young (1024K), 1 survivors (1024K)
 Metaspace       used 12326K, capacity 12601K, committed 12800K, reserved 1060864K
  class space    used 1359K, capacity 1423K, committed 1536K, reserved 1048576K
}

Deoptimization events (20 events):
Event: 3.386 Thread 0x000001d445a195c0 Uncommon trap: trap_request=0xffffffc6 fr.pc=0x000001d43939b670 relative=0x0000000000000510
Event: 3.387 Thread 0x000001d445a195c0 Uncommon trap: reason=bimorphic_or_optimized_type_check action=maybe_recompile pc=0x000001d43939b670 method=java.util.concurrent.ConcurrentHashMap.get(Ljava/lang/Object;)Ljava/lang/Object; @ 149 c2
Event: 3.387 Thread 0x000001d445a195c0 DEOPT PACKING pc=0x000001d43939b670 sp=0x00000014b42fd480
Event: 3.387 Thread 0x000001d445a195c0 DEOPT UNPACKING pc=0x000001d4318de129 sp=0x00000014b42fd410 mode 2
Event: 3.387 Thread 0x000001d445a195c0 Uncommon trap: trap_request=0xffffffc6 fr.pc=0x000001d43939b670 relative=0x0000000000000510
Event: 3.387 Thread 0x000001d445a195c0 Uncommon trap: reason=bimorphic_or_optimized_type_check action=maybe_recompile pc=0x000001d43939b670 method=java.util.concurrent.ConcurrentHashMap.get(Ljava/lang/Object;)Ljava/lang/Object; @ 149 c2
Event: 3.387 Thread 0x000001d445a195c0 DEOPT PACKING pc=0x000001d43939b670 sp=0x00000014b42fd480
Event: 3.387 Thread 0x000001d445a195c0 DEOPT UNPACKING pc=0x000001d4318de129 sp=0x00000014b42fd410 mode 2
Event: 3.387 Thread 0x000001d445a195c0 Uncommon trap: trap_request=0xffffffc6 fr.pc=0x000001d43939b670 relative=0x0000000000000510
Event: 3.387 Thread 0x000001d445a195c0 Uncommon trap: reason=bimorphic_or_optimized_type_check action=maybe_recompile pc=0x000001d43939b670 method=java.util.concurrent.ConcurrentHashMap.get(Ljava/lang/Object;)Ljava/lang/Object; @ 149 c2
Event: 3.387 Thread 0x000001d445a195c0 DEOPT PACKING pc=0x000001d43939b670 sp=0x00000014b42fd480
Event: 3.387 Thread 0x000001d445a195c0 DEOPT UNPACKING pc=0x000001d4318de129 sp=0x00000014b42fd410 mode 2
Event: 3.417 Thread 0x000001d445a195c0 Uncommon trap: trap_request=0xffffff45 fr.pc=0x000001d439382f60 relative=0x00000000000000c0
Event: 3.417 Thread 0x000001d445a195c0 Uncommon trap: reason=unstable_if action=reinterpret pc=0x000001d439382f60 method=java.lang.String.getBytes([BIB)V @ 5 c2
Event: 3.417 Thread 0x000001d445a195c0 DEOPT PACKING pc=0x000001d439382f60 sp=0x00000014b42fdb60
Event: 3.417 Thread 0x000001d445a195c0 DEOPT UNPACKING pc=0x000001d4318de129 sp=0x00000014b42fdb08 mode 2
Event: 3.458 Thread 0x000001d445a195c0 Uncommon trap: trap_request=0xffffff45 fr.pc=0x000001d4393723e4 relative=0x00000000000002e4
Event: 3.458 Thread 0x000001d445a195c0 Uncommon trap: reason=unstable_if action=reinterpret pc=0x000001d4393723e4 method=java.lang.StringUTF16.compress([CI[BII)I @ 20 c2
Event: 3.458 Thread 0x000001d445a195c0 DEOPT PACKING pc=0x000001d4393723e4 sp=0x00000014b42fc180
Event: 3.458 Thread 0x000001d445a195c0 DEOPT UNPACKING pc=0x000001d4318de129 sp=0x00000014b42fc100 mode 2

Classes unloaded (0 events):
No events

Classes redefined (0 events):
No events

Internal exceptions (20 events):
Event: 0.545 Thread 0x000001d42965fd70 Exception <a 'java/lang/NoSuchMethodError'{0x00000000c68bf320}: 'java.lang.Object java.lang.invoke.DirectMethodHandle$Holder.invokeStatic(java.lang.Object)'> (0x00000000c68bf320) 
thrown [./open/src/hotspot/share/interpreter/linkResolver.cpp, line 782]
Event: 0.557 Thread 0x000001d42965fd70 Exception <a 'java/lang/NoSuchMethodError'{0x00000000c68cd398}: 'void java.lang.invoke.DirectMethodHandle$Holder.invokeSpecial(java.lang.Object, java.lang.Object, java.lang.Object)'> (0x00000000c68cd398) 
thrown [./open/src/hotspot/share/interpreter/linkResolver.cpp, line 782]
Event: 0.617 Thread 0x000001d42965fd70 Exception <a 'java/lang/NoSuchMethodError'{0x00000000c670d1b0}: 'java.lang.Object java.lang.invoke.DirectMethodHandle$Holder.invokeStaticInit(java.lang.Object)'> (0x00000000c670d1b0) 
thrown [./open/src/hotspot/share/interpreter/linkResolver.cpp, line 782]
Event: 0.746 Thread 0x000001d445a195c0 Exception <a 'java/lang/NoSuchMethodError'{0x00000000c66b8e20}: 'java.lang.Object java.lang.invoke.DirectMethodHandle$Holder.invokeInterface(java.lang.Object, java.lang.Object)'> (0x00000000c66b8e20) 
thrown [./open/src/hotspot/share/interpreter/linkResolver.cpp, line 782]
Event: 0.807 Thread 0x000001d445a195c0 Exception <a 'java/lang/NoSuchMethodError'{0x00000000c654b6d8}: 'void java.lang.invoke.DirectMethodHandle$Holder.invokeStatic(java.lang.Object, java.lang.Object, java.lang.Object)'> (0x00000000c654b6d8) 
thrown [./open/src/hotspot/share/interpreter/linkResolver.cpp, line 782]
Event: 0.812 Thread 0x000001d445a195c0 Exception <a 'java/lang/NoSuchMethodError'{0x00000000c6556470}: 'java.lang.Object java.lang.invoke.DirectMethodHandle$Holder.invokeVirtual(java.lang.Object, java.lang.Object, java.lang.Object)'> (0x00000000c6556470) 
thrown [./open/src/hotspot/share/interpreter/linkResolver.cpp, line 782]
Event: 1.010 Thread 0x000001d445a195c0 Exception <a 'java/lang/NoSuchMethodError'{0x00000000c68b6c48}: 'void java.lang.invoke.DirectMethodHandle$Holder.invokeStatic(java.lang.Object, java.lang.Object)'> (0x00000000c68b6c48) 
thrown [./open/src/hotspot/share/interpreter/linkResolver.cpp, line 782]
Event: 1.099 Thread 0x000001d445a195c0 Exception <a 'java/lang/NoSuchMethodError'{0x00000000c660f538}: 'void java.lang.invoke.DirectMethodHandle$Holder.invokeStaticInit(java.lang.Object, java.lang.Object)'> (0x00000000c660f538) 
thrown [./open/src/hotspot/share/interpreter/linkResolver.cpp, line 782]
Event: 1.769 Thread 0x000001d445a195c0 Exception <a 'java/lang/NoSuchMethodError'{0x00000000c67b9048}: 'java.lang.Object java.lang.invoke.DirectMethodHandle$Holder.newInvokeSpecial(java.lang.Object, java.lang.Object, java.lang.Object, java.lang.Object, java.lang.Object)'> (0x00000000c67b9048) 
thrown [./open/src/hotspot/share/interpreter/linkResolver.cpp, line 782]
Event: 1.772 Thread 0x000001d445a195c0 Exception <a 'java/lang/NoSuchMethodError'{0x00000000c67c4d20}: 'java.lang.Object java.lang.invoke.DirectMethodHandle$Holder.invokeStatic(java.lang.Object, int, java.lang.Object, java.lang.Object, java.lang.Object, java.lang.Object)'> (0x00000000c67c4d20) 
thrown [./open/src/hotspot/share/interpreter/linkResolver.cpp, line 782]
Event: 1.779 Thread 0x000001d445a195c0 Exception <a 'java/lang/NoSuchMethodError'{0x00000000c67eb1d8}: 'java.lang.Object java.lang.invoke.DirectMethodHandle$Holder.invokeStatic(java.lang.Object, int, java.lang.Object)'> (0x00000000c67eb1d8) 
thrown [./open/src/hotspot/share/interpreter/linkResolver.cpp, line 782]
Event: 1.840 Thread 0x000001d445a195c0 Exception <a 'java/lang/ClassNotFoundException'{0x00000000c66aa5c0}: com/sun/swing/internal/plaf/metal/resources/spi/metalProvider> (0x00000000c66aa5c0) 
thrown [./open/src/hotspot/share/classfile/systemDictionary.cpp, line 295]
Event: 1.843 Thread 0x000001d445a195c0 Exception <a 'java/lang/ClassNotFoundException'{0x00000000c66ae8b0}: com/sun/swing/internal/plaf/basic/resources/spi/basicProvider> (0x00000000c66ae8b0) 
thrown [./open/src/hotspot/share/classfile/systemDictionary.cpp, line 295]
Event: 1.855 Thread 0x000001d445a195c0 Implicit null exception at 0x000001d4393a2758 to 0x000001d4393a27ea
Event: 1.868 Thread 0x000001d445a195c0 Implicit null exception at 0x000001d4393a7d8e to 0x000001d4393a8168
Event: 1.868 Thread 0x000001d445a195c0 Implicit null exception at 0x000001d43939f60e to 0x000001d43939f9a4
Event: 1.914 Thread 0x000001d4462db440 Implicit null exception at 0x000001d4393885d7 to 0x000001d439388adc
Event: 1.914 Thread 0x000001d4462db440 Implicit null exception at 0x000001d439387b54 to 0x000001d439388060
Event: 1.947 Thread 0x000001d4462db440 Exception <a 'java/lang/NoSuchMethodError'{0x00000000c6589450}: 'java.lang.Object java.lang.invoke.DirectMethodHandle$Holder.newInvokeSpecial(java.lang.Object, java.lang.Object, java.lang.Object, int, int, int, int, int)'> (0x00000000c6589450) 
thrown [./open/src/hotspot/share/interpreter/linkResolver.cpp, line 782]
Event: 2.852 Thread 0x000001d44635f440 Implicit null exception at 0x000001d4393c79da to 0x000001d4393ca8b1

Events (20 events):
Event: 3.498 loading class sun/nio/ch/Interruptible done
Event: 3.498 loading class java/nio/channels/spi/AbstractInterruptibleChannel$1 done
Event: 3.499 loading class java/nio/ByteBufferAsIntBufferB
Event: 3.499 loading class java/nio/ByteBufferAsIntBufferB done
Event: 3.500 loading class sun/font/TrueTypeFont$DirectoryEntry
Event: 3.500 loading class sun/font/TrueTypeFont$DirectoryEntry done
Event: 3.500 loading class java/nio/ByteBufferAsShortBufferB
Event: 3.501 loading class java/nio/ShortBuffer
Event: 3.502 loading class java/nio/ShortBuffer done
Event: 3.502 loading class java/nio/ByteBufferAsShortBufferB done
Event: 3.504 loading class sun/nio/cs/UTF_16$Decoder
Event: 3.505 loading class sun/nio/cs/UnicodeDecoder
Event: 3.505 loading class sun/nio/cs/UnicodeDecoder done
Event: 3.505 loading class sun/nio/cs/UTF_16$Decoder done
Event: 3.507 loading class sun/font/FileFontStrike
Event: 3.508 loading class sun/font/FileFontStrike done
Event: 3.508 loading class sun/font/FontScaler
Event: 3.509 loading class sun/font/FontScaler done
Event: 3.509 loading class sun/font/FreetypeFontScaler
Event: 3.509 loading class sun/font/FreetypeFontScaler done


Dynamic libraries:
0x00007ff61ad00000 - 0x00007ff61ad0f000 	C:\Program Files\Java\jdk-15.0.2\bin\javaw.exe
0x00007fffa5e20000 - 0x00007fffa6010000 	C:\Windows\SYSTEM32\ntdll.dll
0x00007fffa58e0000 - 0x00007fffa5992000 	C:\Windows\System32\KERNEL32.DLL
0x00007fffa2f10000 - 0x00007fffa31b5000 	C:\Windows\System32\KERNELBASE.dll
0x00007fffa31c0000 - 0x00007fffa32ba000 	C:\Windows\System32\ucrtbase.dll
0x00007fff90290000 - 0x00007fff902a8000 	C:\Program Files\Java\jdk-15.0.2\bin\jli.dll
0x00007fffa4020000 - 0x00007fffa40c3000 	C:\Windows\System32\ADVAPI32.dll
0x00007fffa5a00000 - 0x00007fffa5a9e000 	C:\Windows\System32\msvcrt.dll
0x00007fffa3f80000 - 0x00007fffa4017000 	C:\Windows\System32\sechost.dll
0x00007fffa5100000 - 0x00007fffa521f000 	C:\Windows\System32\RPCRT4.dll
0x00007fffa4a70000 - 0x00007fffa4c04000 	C:\Windows\System32\USER32.dll
0x00007fffa3c80000 - 0x00007fffa3ca1000 	C:\Windows\System32\win32u.dll
0x00007fffa5220000 - 0x00007fffa5246000 	C:\Windows\System32\GDI32.dll
0x00007fffa3ae0000 - 0x00007fffa3c78000 	C:\Windows\System32\gdi32full.dll
0x00007fffa3a40000 - 0x00007fffa3ade000 	C:\Windows\System32\msvcp_win.dll
0x00007fff8a300000 - 0x00007fff8a319000 	C:\Program Files\Java\jdk-15.0.2\bin\VCRUNTIME140.dll
0x00007fff8acb0000 - 0x00007fff8af34000 	C:\Windows\WinSxS\amd64_microsoft.windows.common-controls_6595b64144ccf1df_6.0.18362.1440_none_9e7dbfb9e45e8e67\COMCTL32.dll
0x00007fffa5aa0000 - 0x00007fffa5dd6000 	C:\Windows\System32\combase.dll
0x00007fffa3ce0000 - 0x00007fffa3d61000 	C:\Windows\System32\bcryptPrimitives.dll
0x00007fff8ed30000 - 0x00007fff8ed3a000 	C:\Windows\SYSTEM32\VERSION.dll
0x00007fffa3ed0000 - 0x00007fffa3efe000 	C:\Windows\System32\IMM32.DLL
0x00007fff9d510000 - 0x00007fff9d51c000 	C:\Program Files\Java\jdk-15.0.2\bin\vcruntime140_1.dll
0x00007fff7eba0000 - 0x00007fff7ec31000 	C:\Program Files\Java\jdk-15.0.2\bin\msvcp140.dll
0x00007fff61000000 - 0x00007fff61b5e000 	C:\Program Files\Java\jdk-15.0.2\bin\server\jvm.dll
0x00007fffa5020000 - 0x00007fffa5028000 	C:\Windows\System32\PSAPI.DLL
0x00007fff8bcf0000 - 0x00007fff8bcf9000 	C:\Windows\SYSTEM32\WSOCK32.dll
0x00007fffa52d0000 - 0x00007fffa533f000 	C:\Windows\System32\WS2_32.dll
0x00007fffa05f0000 - 0x00007fffa0614000 	C:\Windows\SYSTEM32\WINMM.dll
0x00007fffa05c0000 - 0x00007fffa05ed000 	C:\Windows\SYSTEM32\WINMMBASE.dll
0x00007fffa3dd0000 - 0x00007fffa3e1a000 	C:\Windows\System32\cfgmgr32.dll
0x00007fffa2ce0000 - 0x00007fffa2cf1000 	C:\Windows\System32\kernel.appcore.dll
0x00007fff9edd0000 - 0x00007fff9edda000 	C:\Program Files\Java\jdk-15.0.2\bin\jimage.dll
0x00007fffa15e0000 - 0x00007fffa17d4000 	C:\Windows\SYSTEM32\DBGHELP.DLL
0x00007fff931e0000 - 0x00007fff9320a000 	C:\Windows\SYSTEM32\dbgcore.DLL
0x00007fff8c9f0000 - 0x00007fff8ca15000 	C:\Program Files\Java\jdk-15.0.2\bin\java.dll
0x00007fffa4380000 - 0x00007fffa4a68000 	C:\Windows\System32\SHELL32.dll
0x00007fffa4c20000 - 0x00007fffa4cc7000 	C:\Windows\System32\shcore.dll
0x00007fffa32c0000 - 0x00007fffa3a3b000 	C:\Windows\System32\windows.storage.dll
0x00007fffa2d20000 - 0x00007fffa2d3e000 	C:\Windows\System32\profapi.dll
0x00007fffa2d40000 - 0x00007fffa2d8a000 	C:\Windows\System32\powrprof.dll
0x00007fffa2cd0000 - 0x00007fffa2ce0000 	C:\Windows\System32\UMPDC.dll
0x00007fffa59a0000 - 0x00007fffa59f2000 	C:\Windows\System32\shlwapi.dll
0x00007fffa2ef0000 - 0x00007fffa2f07000 	C:\Windows\System32\cryptsp.dll
0x00007fff9d0b0000 - 0x00007fff9d0c9000 	C:\Program Files\Java\jdk-15.0.2\bin\net.dll
0x00007fff9be00000 - 0x00007fff9befa000 	C:\Windows\SYSTEM32\WINHTTP.dll
0x00007fffa24b0000 - 0x00007fffa2517000 	C:\Windows\system32\mswsock.dll
0x00007fff9cc80000 - 0x00007fff9cc92000 	C:\Program Files\Java\jdk-15.0.2\bin\nio.dll
0x00007fff95bf0000 - 0x00007fff95c08000 	C:\Program Files\Java\jdk-15.0.2\bin\zip.dll
0x00007fff84120000 - 0x00007fff842a0000 	C:\Program Files\Java\jdk-15.0.2\bin\awt.dll
0x00007fffa4230000 - 0x00007fffa42f5000 	C:\Windows\System32\OLEAUT32.dll
0x00007fffa06f0000 - 0x00007fffa077f000 	C:\Windows\SYSTEM32\apphelp.dll
0x00007fffa07d0000 - 0x00007fffa0869000 	C:\Windows\system32\uxtheme.dll
0x00007fffa4d30000 - 0x00007fffa4e65000 	C:\Windows\System32\MSCTF.dll
0x00007fffa40d0000 - 0x00007fffa4227000 	C:\Windows\System32\ole32.dll
0x00007fffa2200000 - 0x00007fffa22cb000 	C:\Windows\SYSTEM32\DNSAPI.dll
0x00007fffa5250000 - 0x00007fffa5258000 	C:\Windows\System32\NSI.dll
0x00007fffa21c0000 - 0x00007fffa21fa000 	C:\Windows\SYSTEM32\IPHLPAPI.DLL
0x00007fff94b90000 - 0x00007fff94b9a000 	C:\Windows\System32\rasadhlp.dll
0x00007fff963e0000 - 0x00007fff96457000 	C:\Windows\System32\fwpuclnt.dll
0x00007fffa3cb0000 - 0x00007fffa3cd6000 	C:\Windows\System32\bcrypt.dll
0x00007fffa0690000 - 0x00007fffa069d000 	C:\Program Files\Java\jdk-15.0.2\bin\sunmscapi.dll
0x00007fffa2d90000 - 0x00007fffa2ee1000 	C:\Windows\System32\CRYPT32.dll
0x00007fffa2d00000 - 0x00007fffa2d12000 	C:\Windows\System32\MSASN1.dll
0x00007fffa2780000 - 0x00007fffa27a6000 	C:\Windows\SYSTEM32\ncrypt.dll
0x00007fffa2740000 - 0x00007fffa277b000 	C:\Windows\SYSTEM32\NTASN1.dll
0x00007fffa0e50000 - 0x00007fffa0e7d000 	C:\Windows\system32\DWMAPI.DLL
0x00007fff785c0000 - 0x00007fff78716000 	C:\Windows\system32\opengl32.dll
0x00007fff9ede0000 - 0x00007fff9ee0c000 	C:\Windows\SYSTEM32\GLU32.dll
0x00007fffa1910000 - 0x00007fffa1930000 	C:\Windows\SYSTEM32\dxcore.dll
0x00007fff9d4e0000 - 0x00007fff9d4f0000 	C:\Program Files\Java\jdk-15.0.2\bin\verify.dll
0x00007fff8e9b0000 - 0x00007fff8ea35000 	C:\Program Files\Java\jdk-15.0.2\bin\freetype.dll
0x00007fff7a250000 - 0x00007fff7a2f9000 	C:\Program Files\Java\jdk-15.0.2\bin\fontmanager.dll

dbghelp: loaded successfully - version: 4.0.5 - missing functions: none
symbol engine: initialized successfully - sym options: 0x614 - pdb path: .;C:\Program Files\Java\jdk-15.0.2\bin;C:\Windows\SYSTEM32;C:\Windows\WinSxS\amd64_microsoft.windows.common-controls_6595b64144ccf1df_6.0.18362.1440_none_9e7dbfb9e45e8e67;C:\Program Files\Java\jdk-15.0.2\bin\server

VM Arguments:
jvm_args: -Dfile.encoding=Cp1252 -XX:+ShowCodeDetailsInExceptionMessages 
java_command: presentation.TRKGUI
java_class_path (initial): C:\Users\donda\OneDrive\Documents\COMP2171\2171SoftwareProject\TRKPARTYRENTALS\bin;C:\Users\donda\OneDrive\Documents\COMP2171\2171SoftwareProject\TRKPARTYRENTALS\mysql-connector-java-8.0.22.jar;C:\Users\donda\OneDrive\Documents\COMP2171\2171SoftwareProject\TRKPARTYRENTALS\miglayout15-swing.jar;C:\Users\donda\OneDrive\Documents\COMP2171\2171SoftwareProject\TRKPARTYRENTALS\jcalendar-1.4.jar
Launcher Type: SUN_STANDARD

[Global flags]
     intx CICompilerCount                          = 2                                         {product} {ergonomic}
     uint ConcGCThreads                            = 1                                         {product} {ergonomic}
     uint G1ConcRefinementThreads                  = 2                                         {product} {ergonomic}
   size_t G1HeapRegionSize                         = 1048576                                   {product} {ergonomic}
    uintx GCDrainStackTargetSize                   = 64                                        {product} {ergonomic}
   size_t InitialHeapSize                          = 65011712                                  {product} {ergonomic}
   size_t MarkStackSize                            = 4194304                                   {product} {ergonomic}
   size_t MaxHeapSize                              = 1027604480                                {product} {ergonomic}
   size_t MaxNewSize                               = 616562688                                 {product} {ergonomic}
   size_t MinHeapDeltaBytes                        = 1048576                                   {product} {ergonomic}
   size_t MinHeapSize                              = 8388608                                   {product} {ergonomic}
    uintx NonNMethodCodeHeapSize                   = 5826188                                {pd product} {ergonomic}
    uintx NonProfiledCodeHeapSize                  = 122916026                              {pd product} {ergonomic}
    uintx ProfiledCodeHeapSize                     = 122916026                              {pd product} {ergonomic}
    uintx ReservedCodeCacheSize                    = 251658240                              {pd product} {ergonomic}
     bool SegmentedCodeCache                       = true                                      {product} {ergonomic}
     bool ShowCodeDetailsInExceptionMessages       = true                                   {manageable} {command line}
   size_t SoftMaxHeapSize                          = 1027604480                             {manageable} {ergonomic}
     bool UseCompressedClassPointers               = true                                 {lp64_product} {ergonomic}
     bool UseCompressedOops                        = true                                 {lp64_product} {ergonomic}
     bool UseG1GC                                  = true                                      {product} {ergonomic}
     bool UseLargePagesIndividualAllocation        = false                                  {pd product} {ergonomic}

Logging:
Log output configuration:
 #0: stdout all=warning uptime,level,tags
 #1: stderr all=off uptime,level,tags

Environment Variables:
PATH=C:/Program Files/Java/jdk-15.0.2/bin/server;C:/Program Files/Java/jdk-15.0.2/bin;C:\Program Files\Common Files\Oracle\Java\javapath;C:\Program Files (x86)\Common Files\Oracle\Java\javapath;C:\Program Files\Python39\Scripts\;C:\Program Files\Python39\;C:\Windows\system32;C:\Windows;C:\Windows\System32\Wbem;C:\Windows\System32\WindowsPowerShell\v1.0\;C:\Windows\System32\OpenSSH\;C:\Program Files\Git\cmd;C:\Program Files\Java\jdk-15.0.2\bin;C:\Users\donda\AppData\Local\Microsoft\WindowsApps;C:\Users\donda\AppData\Local\Programs\Microsoft VS Code\bin;C:\Program Files\heroku\bin;C:\Program Files\Java\jdk-15.0.2\bin;;C:\Users\donda\OneDrive\Desktop;
USERNAME=donda
OS=Windows_NT
PROCESSOR_IDENTIFIER=Intel64 Family 6 Model 122 Stepping 1, GenuineIntel



---------------  S Y S T E M  ---------------

OS:
 Windows 10 , 64 bit Build 18362 (10.0.18362.1350)
OS uptime: 2 days 13:40 hours

CPU: total 2 (initial active 2) (2 cores per cpu, 1 threads per core) family 6 model 122 stepping 1 microcode 0x2c, cmov, cx8, fxsr, mmx, sse, sse2, sse3, ssse3, sse4.1, sse4.2, popcnt, aes, clmul, erms, 3dnowpref, tsc, tscinvbit, sha, clflush, clflushopt

Memory: 4k page, system-wide physical 3917M (492M free)
TotalPageFile size 11213M (AvailPageFile size 1M)
current process WorkingSet (physical memory assigned to process): 125M, peak: 125M
current process commit charge ("private bytes"): 192M, peak: 192M

vm_info: Java HotSpot(TM) 64-Bit Server VM (15.0.2+7-27) for windows-amd64 JRE (15.0.2+7-27), built on Dec  7 2020 20:07:01 by "mach5one" with unknown MS VC++:1925

END.
